#
# There is insufficient memory for the Java Runtime Environment to continue.
# Native memory allocation (mmap) failed to map 333447168 bytes. Error detail: G1 virtual space
# Possible reasons:
#   The system is out of physical RAM or swap space
#   This process is running with CompressedOops enabled, and the Java Heap may be blocking the growth of the native heap
# Possible solutions:
#   Reduce memory load on the system
#   Increase physical memory or swap space
#   Check if swap backing store is full
#   Decrease Java heap size (-Xmx/-Xms)
#   Decrease number of Java threads
#   Decrease Java thread stack sizes (-Xss)
#   Set larger code cache with -XX:ReservedCodeCacheSize=
#   JVM is running with Zero Based Compressed Oops mode in which the Java heap is
#     placed in the first 32GB address space. The Java Heap base address is the
#     maximum limit for the native heap growth. Please use -XX:HeapBaseMinAddress
#     to set the Java Heap base and to place the Java Heap above 32GB virtual address.
# This output file may be truncated or incomplete.
#
#  Out of Memory Error (os_windows.cpp:3613), pid=15412, tid=8276
#
# JRE version: OpenJDK Runtime Environment Corretto-17.0.12.7.1 (17.0.12+7) (build 17.0.12+7-LTS)
# Java VM: OpenJDK 64-Bit Server VM Corretto-17.0.12.7.1 (17.0.12+7-LTS, mixed mode, sharing, tiered, compressed oops, compressed class ptrs, g1 gc, windows-amd64)
# No core dump will be written. Minidumps are not enabled by default on client versions of Windows
#

---------------  S U M M A R Y ------------

Command Line: --add-opens=java.base/java.util=ALL-UNNAMED --add-opens=java.base/java.lang=ALL-UNNAMED --add-opens=java.base/java.lang.invoke=ALL-UNNAMED --add-opens=java.prefs/java.util.prefs=ALL-UNNAMED --add-opens=java.base/java.nio.charset=ALL-UNNAMED --add-opens=java.base/java.net=ALL-UNNAMED --add-opens=java.base/java.util.concurrent.atomic=ALL-UNNAMED -Xmx3G -Dfile.encoding=GBK -Duser.country=CN -Duser.language=zh -Duser.variant -javaagent:F:\new\.gradle\wrapper\dists\gradle-8.8-bin\53jiktvri5dnuz836efddwisb\gradle-8.8\lib\agents\gradle-instrumentation-agent-8.8.jar org.gradle.launcher.daemon.bootstrap.GradleDaemon 8.8

Host: AMD Ryzen 5 3500X 6-Core Processor             , 6 cores, 15G,  Windows 10 , 64 bit Build 19041 (10.0.19041.5198)
Time: Fri Jun  6 17:11:08 2025  Windows 10 , 64 bit Build 19041 (10.0.19041.5198) elapsed time: 62.182483 seconds (0d 0h 1m 2s)

---------------  T H R E A D  ---------------

Current thread (0x0000017e054e7da0):  VMThread "VM Thread" [stack: 0x000000538f500000,0x000000538f600000] [id=8276]

Stack: [0x000000538f500000,0x000000538f600000]
Native frames: (J=compiled Java code, j=interpreted, Vv=VM code, C=native code)
V  [jvm.dll+0x67f4f9]
V  [jvm.dll+0x836eaa]
V  [jvm.dll+0x83896e]
V  [jvm.dll+0x838fd3]
V  [jvm.dll+0x247f6f]
V  [jvm.dll+0x67c2b9]
V  [jvm.dll+0x670d7a]
V  [jvm.dll+0x307b5b]
V  [jvm.dll+0x30f046]
V  [jvm.dll+0x35f22e]
V  [jvm.dll+0x35f46f]
V  [jvm.dll+0x2deb7c]
V  [jvm.dll+0x2dcf3f]
V  [jvm.dll+0x2dc66c]
V  [jvm.dll+0x31fd4b]
V  [jvm.dll+0x83d4cd]
V  [jvm.dll+0x83e212]
V  [jvm.dll+0x83e73f]
V  [jvm.dll+0x83eb24]
V  [jvm.dll+0x83ebf0]
V  [jvm.dll+0x7e62ac]
V  [jvm.dll+0x67e3c7]
C  [ucrtbase.dll+0x21bb2]
C  [KERNEL32.DLL+0x17374]
C  [ntdll.dll+0x4cc91]

VM_Operation (0x00000053943f9eb0): G1CollectForAllocation, mode: safepoint, requested by thread 0x0000017e4cac0830


---------------  P R O C E S S  ---------------

Threads class SMR info:
_java_thread_list=0x0000017e4e1a4ef0, length=89, elements={
0x0000017e64d7b940, 0x0000017e054f08d0, 0x0000017e054f1270, 0x0000017e055133c0,
0x0000017e055168c0, 0x0000017e05516da0, 0x0000017e05517280, 0x0000017e05519aa0,
0x0000017e05519fc0, 0x0000017e0551d230, 0x0000017e054db850, 0x0000017e056fc380,
0x0000017e4c5cd820, 0x0000017e4c5ce240, 0x0000017e4c5cb4b0, 0x0000017e4c5cd310,
0x0000017e4c5cce00, 0x0000017e4c5cbed0, 0x0000017e4cac2690, 0x0000017e4cac30b0,
0x0000017e4cac2ba0, 0x0000017e4cabe9d0, 0x0000017e4cac0320, 0x0000017e4cabe4c0,
0x0000017e4cac0d40, 0x0000017e4cabdaa0, 0x0000017e4cabf900, 0x0000017e4cabcb70,
0x0000017e4cac1c70, 0x0000017e4bda6030, 0x0000017e4d949a50, 0x0000017e4d949f60,
0x0000017e4d944440, 0x0000017e4d945370, 0x0000017e4d94b3a0, 0x0000017e4d948100,
0x0000017e4d9471d0, 0x0000017e4d949030, 0x0000017e4d945d90, 0x0000017e4bda7e90,
0x0000017e4bda7470, 0x0000017e4bda5100, 0x0000017e4bda3cc0, 0x0000017e4bda5b20,
0x0000017e4bda5610, 0x0000017e4bda83a0, 0x0000017e4bda1e60, 0x0000017e4bda6540,
0x0000017e4bda32a0, 0x0000017e4bda37b0, 0x0000017e4bda6a50, 0x0000017e4bda8dc0,
0x0000017e4bda6f60, 0x0000017e4bda2370, 0x0000017e4bda7980, 0x0000017e4bda41d0,
0x0000017e4bda88b0, 0x0000017e4bda2880, 0x0000017e4bda2d90, 0x0000017e4bda46e0,
0x0000017e4d945880, 0x0000017e4d94a470, 0x0000017e4d946cc0, 0x0000017e4d9476e0,
0x0000017e4d94a980, 0x0000017e4d9467b0, 0x0000017e4d9462a0, 0x0000017e4d947bf0,
0x0000017e4d948610, 0x0000017e4d94b8b0, 0x0000017e4c20fc40, 0x0000017e4d944e60,
0x0000017e4d948b20, 0x0000017e4d949540, 0x0000017e4d94ae90, 0x0000017e4d94bdc0,
0x0000017e4d944950, 0x0000017e4cac35c0, 0x0000017e4cac3ad0, 0x0000017e4cabd590,
0x0000017e4cac0830, 0x0000017e4cabdfb0, 0x0000017e4cac1250, 0x0000017e4cabc660,
0x0000017e4cac3fe0, 0x0000017e4cabd080, 0x0000017e4cabfe10, 0x0000017e4cac1760,
0x0000017e4cac2180
}

Java Threads: ( => current thread )
  0x0000017e64d7b940 JavaThread "main" [_thread_blocked, id=14712, stack(0x000000538ef00000,0x000000538f000000)]
  0x0000017e054f08d0 JavaThread "Reference Handler" daemon [_thread_blocked, id=14020, stack(0x000000538f600000,0x000000538f700000)]
  0x0000017e054f1270 JavaThread "Finalizer" daemon [_thread_blocked, id=11168, stack(0x000000538f700000,0x000000538f800000)]
  0x0000017e055133c0 JavaThread "Signal Dispatcher" daemon [_thread_blocked, id=8340, stack(0x000000538f800000,0x000000538f900000)]
  0x0000017e055168c0 JavaThread "Attach Listener" daemon [_thread_blocked, id=15524, stack(0x000000538f900000,0x000000538fa00000)]
  0x0000017e05516da0 JavaThread "Service Thread" daemon [_thread_blocked, id=13444, stack(0x000000538fa00000,0x000000538fb00000)]
  0x0000017e05517280 JavaThread "Monitor Deflation Thread" daemon [_thread_blocked, id=14936, stack(0x000000538fb00000,0x000000538fc00000)]
  0x0000017e05519aa0 JavaThread "C2 CompilerThread0" daemon [_thread_blocked, id=3352, stack(0x000000538fc00000,0x000000538fd00000)]
  0x0000017e05519fc0 JavaThread "C1 CompilerThread0" daemon [_thread_blocked, id=9904, stack(0x000000538fd00000,0x000000538fe00000)]
  0x0000017e0551d230 JavaThread "Sweeper thread" daemon [_thread_blocked, id=9188, stack(0x000000538fe00000,0x000000538ff00000)]
  0x0000017e054db850 JavaThread "Common-Cleaner" daemon [_thread_blocked, id=15772, stack(0x000000538ff00000,0x0000005390000000)]
  0x0000017e056fc380 JavaThread "Notification Thread" daemon [_thread_blocked, id=12244, stack(0x0000005390000000,0x0000005390100000)]
  0x0000017e4c5cd820 JavaThread "Daemon health stats" [_thread_blocked, id=16004, stack(0x0000005390800000,0x0000005390900000)]
  0x0000017e4c5ce240 JavaThread "Incoming local TCP Connector on port 13180" [_thread_in_native, id=16284, stack(0x0000005390900000,0x0000005390a00000)]
  0x0000017e4c5cb4b0 JavaThread "Daemon periodic checks" [_thread_blocked, id=16388, stack(0x0000005390a00000,0x0000005390b00000)]
  0x0000017e4c5cd310 JavaThread "Daemon" [_thread_blocked, id=11128, stack(0x0000005390b00000,0x0000005390c00000)]
  0x0000017e4c5cce00 JavaThread "Daemon worker" [_thread_blocked, id=2788, stack(0x0000005390e00000,0x0000005390f00000)]
  0x0000017e4c5cbed0 JavaThread "Cache worker for journal cache (F:\new\.gradle\caches\journal-1)" [_thread_blocked, id=16592, stack(0x0000005391200000,0x0000005391300000)]
  0x0000017e4cac2690 JavaThread "File lock request listener" [_thread_in_native, id=6460, stack(0x0000005391300000,0x0000005391400000)]
  0x0000017e4cac30b0 JavaThread "Cache worker for file hash cache (F:\new\.gradle\caches\8.8\fileHashes)" [_thread_blocked, id=13292, stack(0x0000005390200000,0x0000005390300000)]
  0x0000017e4cac2ba0 JavaThread "File watcher server" daemon [_thread_blocked, id=428, stack(0x0000005391600000,0x0000005391700000)]
  0x0000017e4cabe9d0 JavaThread "File watcher consumer" daemon [_thread_blocked, id=10600, stack(0x0000005391700000,0x0000005391800000)]
  0x0000017e4cac0320 JavaThread "Cache worker for file content cache (F:\new\.gradle\caches\8.8\fileContent)" [_thread_blocked, id=1184, stack(0x0000005391900000,0x0000005391a00000)]
  0x0000017e4cabe4c0 JavaThread "jar transforms" [_thread_blocked, id=17372, stack(0x0000005391e00000,0x0000005391f00000)]
  0x0000017e4cac0d40 JavaThread "jar transforms Thread 2" [_thread_blocked, id=3644, stack(0x0000005391f00000,0x0000005392000000)]
  0x0000017e4cabdaa0 JavaThread "jar transforms Thread 3" [_thread_blocked, id=3660, stack(0x0000005392000000,0x0000005392100000)]
  0x0000017e4cabf900 JavaThread "jar transforms Thread 4" [_thread_blocked, id=16044, stack(0x0000005392100000,0x0000005392200000)]
  0x0000017e4cabcb70 JavaThread "jar transforms Thread 5" [_thread_blocked, id=7476, stack(0x0000005392200000,0x0000005392300000)]
  0x0000017e4cac1c70 JavaThread "jar transforms Thread 6" [_thread_blocked, id=9108, stack(0x0000005392900000,0x0000005392a00000)]
  0x0000017e4bda6030 JavaThread "Memory manager" [_thread_blocked, id=11400, stack(0x0000005393a00000,0x0000005393b00000)]
  0x0000017e4d949a50 JavaThread "ForkJoinPool.commonPool-worker-1" daemon [_thread_blocked, id=10468, stack(0x0000005394600000,0x0000005394700000)]
  0x0000017e4d949f60 JavaThread "ForkJoinPool.commonPool-worker-2" daemon [_thread_blocked, id=10080, stack(0x0000005394700000,0x0000005394800000)]
  0x0000017e4d944440 JavaThread "ForkJoinPool.commonPool-worker-3" daemon [_thread_blocked, id=9440, stack(0x0000005394800000,0x0000005394900000)]
  0x0000017e4d945370 JavaThread "ForkJoinPool.commonPool-worker-4" daemon [_thread_blocked, id=16836, stack(0x0000005394900000,0x0000005394a00000)]
  0x0000017e4d94b3a0 JavaThread "ForkJoinPool.commonPool-worker-5" daemon [_thread_blocked, id=7680, stack(0x0000005394a00000,0x0000005394b00000)]
  0x0000017e4d948100 JavaThread "Exec process" daemon [_thread_blocked, id=13536, stack(0x0000005394b00000,0x0000005394c00000)]
  0x0000017e4d9471d0 JavaThread "Exec process Thread 2" daemon [_thread_blocked, id=15684, stack(0x0000005394c00000,0x0000005394d00000)]
  0x0000017e4d949030 JavaThread "Exec process Thread 3" daemon [_thread_blocked, id=10820, stack(0x0000005394d00000,0x0000005394e00000)]
  0x0000017e4d945d90 JavaThread "included builds" [_thread_blocked, id=13904, stack(0x0000005394e00000,0x0000005394f00000)]
  0x0000017e4bda7e90 JavaThread "VFS cleanup" [_thread_blocked, id=1372, stack(0x0000005390f00000,0x0000005391000000)]
  0x0000017e4bda7470 JavaThread "Handler for socket connection from /127.0.0.1:13180 to /127.0.0.1:13250" [_thread_in_native, id=15356, stack(0x0000005391000000,0x0000005391100000)]
  0x0000017e4bda5100 JavaThread "Cancel handler" [_thread_blocked, id=9488, stack(0x0000005391100000,0x0000005391200000)]
  0x0000017e4bda3cc0 JavaThread "Asynchronous log dispatcher for DefaultDaemonConnection: socket connection from /127.0.0.1:13180 to /127.0.0.1:13250" [_thread_blocked, id=14816, stack(0x0000005391400000,0x0000005391500000)]
  0x0000017e4bda5b20 JavaThread "Stdin handler" [_thread_blocked, id=14240, stack(0x0000005391500000,0x0000005391600000)]
  0x0000017e4bda5610 JavaThread "Daemon client event forwarder" [_thread_blocked, id=5660, stack(0x0000005391a00000,0x0000005391b00000)]
  0x0000017e4bda83a0 JavaThread "Cache worker for file hash cache (K:\mod_working_area\unusual_food_s_delight\.gradle\8.8\fileHashes)" [_thread_blocked, id=17236, stack(0x0000005391b00000,0x0000005391c00000)]
  0x0000017e4bda1e60 JavaThread "Cache worker for checksums cache (K:\mod_working_area\unusual_food_s_delight\.gradle\8.8\checksums)" [_thread_blocked, id=16628, stack(0x0000005392300000,0x0000005392400000)]
  0x0000017e4bda6540 JavaThread "Cache worker for cache directory md-rule (F:\new\.gradle\caches\8.8\md-rule)" [_thread_blocked, id=11140, stack(0x0000005392400000,0x0000005392500000)]
  0x0000017e4bda32a0 JavaThread "Cache worker for cache directory md-supplier (F:\new\.gradle\caches\8.8\md-supplier)" [_thread_blocked, id=14444, stack(0x0000005392500000,0x0000005392600000)]
  0x0000017e4bda37b0 JavaThread "Unconstrained build operations" [_thread_blocked, id=2076, stack(0x0000005392600000,0x0000005392700000)]
  0x0000017e4bda6a50 JavaThread "Unconstrained build operations Thread 2" [_thread_blocked, id=14560, stack(0x0000005392700000,0x0000005392800000)]
  0x0000017e4bda8dc0 JavaThread "Unconstrained build operations Thread 3" [_thread_blocked, id=16616, stack(0x0000005392800000,0x0000005392900000)]
  0x0000017e4bda6f60 JavaThread "Unconstrained build operations Thread 4" [_thread_blocked, id=9548, stack(0x0000005392a00000,0x0000005392b00000)]
  0x0000017e4bda2370 JavaThread "Cache worker for Build Output Cleanup Cache (K:\mod_working_area\unusual_food_s_delight\.gradle\buildOutputCleanup)" [_thread_blocked, id=8660, stack(0x0000005392b00000,0x0000005392c00000)]
  0x0000017e4bda7980 JavaThread "Unconstrained build operations Thread 5" [_thread_blocked, id=13540, stack(0x0000005392c00000,0x0000005392d00000)]
  0x0000017e4bda41d0 JavaThread "Unconstrained build operations Thread 6" [_thread_blocked, id=4520, stack(0x0000005392d00000,0x0000005392e00000)]
  0x0000017e4bda88b0 JavaThread "Unconstrained build operations Thread 7" [_thread_blocked, id=9752, stack(0x0000005392e00000,0x0000005392f00000)]
  0x0000017e4bda2880 JavaThread "Unconstrained build operations Thread 8" [_thread_blocked, id=1904, stack(0x0000005392f00000,0x0000005393000000)]
  0x0000017e4bda2d90 JavaThread "Unconstrained build operations Thread 9" [_thread_blocked, id=6756, stack(0x0000005393000000,0x0000005393100000)]
  0x0000017e4bda46e0 JavaThread "Unconstrained build operations Thread 10" [_thread_blocked, id=12880, stack(0x0000005393100000,0x0000005393200000)]
  0x0000017e4d945880 JavaThread "Unconstrained build operations Thread 11" [_thread_blocked, id=8856, stack(0x0000005393200000,0x0000005393300000)]
  0x0000017e4d94a470 JavaThread "Unconstrained build operations Thread 12" [_thread_blocked, id=13032, stack(0x0000005393300000,0x0000005393400000)]
  0x0000017e4d946cc0 JavaThread "Unconstrained build operations Thread 13" [_thread_blocked, id=13484, stack(0x0000005393400000,0x0000005393500000)]
  0x0000017e4d9476e0 JavaThread "Unconstrained build operations Thread 14" [_thread_blocked, id=11808, stack(0x0000005393500000,0x0000005393600000)]
  0x0000017e4d94a980 JavaThread "Keep-Alive-Timer" daemon [_thread_blocked, id=6816, stack(0x0000005391c00000,0x0000005391d00000)]
  0x0000017e4d9467b0 JavaThread "Unconstrained build operations Thread 15" [_thread_blocked, id=14268, stack(0x000000538ec00000,0x000000538ed00000)]
  0x0000017e4d9462a0 JavaThread "Unconstrained build operations Thread 16" [_thread_blocked, id=14572, stack(0x000000538ed00000,0x000000538ee00000)]
  0x0000017e4d947bf0 JavaThread "Unconstrained build operations Thread 17" [_thread_blocked, id=12124, stack(0x000000538ee00000,0x000000538ef00000)]
  0x0000017e4d948610 JavaThread "Unconstrained build operations Thread 18" [_thread_blocked, id=16480, stack(0x0000005393600000,0x0000005393700000)]
  0x0000017e4d94b8b0 JavaThread "Unconstrained build operations Thread 19" [_thread_blocked, id=10144, stack(0x0000005393700000,0x0000005393800000)]
  0x0000017e4c20fc40 JavaThread "C2 CompilerThread1" daemon [_thread_blocked, id=3724, stack(0x0000005393800000,0x0000005393900000)]
  0x0000017e4d944e60 JavaThread "Unconstrained build operations Thread 20" [_thread_blocked, id=4080, stack(0x0000005393900000,0x0000005393a00000)]
  0x0000017e4d948b20 JavaThread "Unconstrained build operations Thread 21" [_thread_blocked, id=12764, stack(0x0000005393b00000,0x0000005393c00000)]
  0x0000017e4d949540 JavaThread "Unconstrained build operations Thread 22" [_thread_blocked, id=916, stack(0x0000005393c00000,0x0000005393d00000)]
  0x0000017e4d94ae90 JavaThread "Unconstrained build operations Thread 23" [_thread_blocked, id=15992, stack(0x0000005393d00000,0x0000005393e00000)]
  0x0000017e4d94bdc0 JavaThread "Unconstrained build operations Thread 24" [_thread_blocked, id=15924, stack(0x0000005393e00000,0x0000005393f00000)]
  0x0000017e4d944950 JavaThread "included builds" [_thread_blocked, id=7752, stack(0x0000005393f00000,0x0000005394000000)]
  0x0000017e4cac35c0 JavaThread "Execution worker" [_thread_blocked, id=3516, stack(0x0000005394000000,0x0000005394100000)]
  0x0000017e4cac3ad0 JavaThread "Execution worker Thread 2" [_thread_blocked, id=7744, stack(0x0000005394100000,0x0000005394200000)]
  0x0000017e4cabd590 JavaThread "Execution worker Thread 3" [_thread_blocked, id=5720, stack(0x0000005394200000,0x0000005394300000)]
  0x0000017e4cac0830 JavaThread "Execution worker Thread 4" [_thread_blocked, id=13100, stack(0x0000005394300000,0x0000005394400000)]
  0x0000017e4cabdfb0 JavaThread "Execution worker Thread 5" [_thread_blocked, id=15316, stack(0x0000005394400000,0x0000005394500000)]
  0x0000017e4cac1250 JavaThread "Cache worker for execution history cache (K:\mod_working_area\unusual_food_s_delight\.gradle\8.8\executionHistory)" [_thread_blocked, id=3208, stack(0x0000005394500000,0x0000005394600000)]
  0x0000017e4cabc660 JavaThread "Unconstrained build operations Thread 25" [_thread_blocked, id=17044, stack(0x0000005394f00000,0x0000005395000000)]
  0x0000017e4cac3fe0 JavaThread "Unconstrained build operations Thread 26" [_thread_blocked, id=3164, stack(0x0000005395000000,0x0000005395100000)]
  0x0000017e4cabd080 JavaThread "Unconstrained build operations Thread 27" [_thread_blocked, id=15236, stack(0x0000005395100000,0x0000005395200000)]
  0x0000017e4cabfe10 JavaThread "Unconstrained build operations Thread 28" [_thread_blocked, id=16596, stack(0x0000005395200000,0x0000005395300000)]
  0x0000017e4cac1760 JavaThread "Unconstrained build operations Thread 29" [_thread_blocked, id=16884, stack(0x0000005395300000,0x0000005395400000)]
  0x0000017e4cac2180 JavaThread "Unconstrained build operations Thread 30" [_thread_blocked, id=14700, stack(0x0000005395400000,0x0000005395500000)]

Other Threads:
=>0x0000017e054e7da0 VMThread "VM Thread" [stack: 0x000000538f500000,0x000000538f600000] [id=8276]
  0x0000017e64d7e1d0 WatcherThread [stack: 0x0000005390100000,0x0000005390200000] [id=12968]
  0x0000017e64dd6380 GCTaskThread "GC Thread#0" [stack: 0x000000538f000000,0x000000538f100000] [id=7676]
  0x0000017e4b4e38c0 GCTaskThread "GC Thread#1" [stack: 0x0000005390300000,0x0000005390400000] [id=12800]
  0x0000017e4b4e3b80 GCTaskThread "GC Thread#2" [stack: 0x0000005390400000,0x0000005390500000] [id=15076]
  0x0000017e4b4e3e40 GCTaskThread "GC Thread#3" [stack: 0x0000005390500000,0x0000005390600000] [id=4504]
  0x0000017e4b68edb0 GCTaskThread "GC Thread#4" [stack: 0x0000005390600000,0x0000005390700000] [id=11528]
  0x0000017e4b68f070 GCTaskThread "GC Thread#5" [stack: 0x0000005390700000,0x0000005390800000] [id=15052]
  0x0000017e64de31e0 ConcurrentGCThread "G1 Main Marker" [stack: 0x000000538f100000,0x000000538f200000] [id=3476]
  0x0000017e64de3ec0 ConcurrentGCThread "G1 Conc#0" [stack: 0x000000538f200000,0x000000538f300000] [id=1176]
  0x0000017e4d75a660 ConcurrentGCThread "G1 Conc#1" [stack: 0x0000005391800000,0x0000005391900000] [id=9308]
  0x0000017e64e32520 ConcurrentGCThread "G1 Refine#0" [stack: 0x000000538f300000,0x000000538f400000] [id=11728]
  0x0000017e4bcaa530 ConcurrentGCThread "G1 Refine#1" [stack: 0x0000005391d00000,0x0000005391e00000] [id=76]
  0x0000017e4b05c640 ConcurrentGCThread "G1 Refine#2" [stack: 0x0000005395500000,0x0000005395600000] [id=4588]
  0x0000017e4b05d200 ConcurrentGCThread "G1 Refine#3" [stack: 0x0000005395600000,0x0000005395700000] [id=5396]
  0x0000017e4b05e0b0 ConcurrentGCThread "G1 Refine#4" [stack: 0x0000005395700000,0x0000005395800000] [id=2824]
  0x0000017e64e32a70 ConcurrentGCThread "G1 Service" [stack: 0x000000538f400000,0x000000538f500000] [id=5732]

Threads with active compile tasks:
C2 CompilerThread0    62200 12216       4       net.minecraftforge.srgutils.InternalUtils::writeMeta (254 bytes)
C2 CompilerThread1    62200 12215       4       net.minecraftforge.srgutils.MappingFile::write (39 bytes)

VM state: at safepoint (normal execution)

VM Mutex/Monitor currently owned by a thread:  ([mutex/lock_event])
[0x0000017e64d67270] Threads_lock - owner thread: 0x0000017e054e7da0
[0x0000017e64d68110] Heap_lock - owner thread: 0x0000017e4cac0830

Heap address: 0x0000000740000000, size: 3072 MB, Compressed Oops mode: Zero based, Oop shift amount: 3

CDS archive(s) mapped at: [0x0000017e06000000-0x0000017e06bb0000-0x0000017e06bb0000), size 12255232, SharedBaseAddress: 0x0000017e06000000, ArchiveRelocationMode: 1.
Compressed class space mapped at: 0x0000017e07000000-0x0000017e47000000, reserved size: 1073741824
Narrow klass base: 0x0000017e06000000, Narrow klass shift: 0, Narrow klass range: 0x100000000

GC Precious Log:
 CPUs: 6 total, 6 available
 Memory: 16333M
 Large Page Support: Disabled
 NUMA Support: Disabled
 Compressed Oops: Enabled (Zero based)
 Heap Region Size: 2M
 Heap Min Capacity: 8M
 Heap Initial Capacity: 256M
 Heap Max Capacity: 3G
 Pre-touch: Disabled
 Parallel Workers: 6
 Concurrent Workers: 2
 Concurrent Refinement Workers: 6
 Periodic GC: Disabled

Heap:
 garbage-first heap   total 325632K, used 202752K [0x0000000740000000, 0x0000000800000000)
  region size 2048K, 4 young (8192K), 4 survivors (8192K)
 Metaspace       used 71219K, committed 72000K, reserved 1114112K
  class space    used 9846K, committed 10176K, reserved 1048576K

Heap Regions: E=young(eden), S=young(survivor), O=old, HS=humongous(starts), HC=humongous(continues), CS=collection set, F=free, OA=open archive, CA=closed archive, TAMS=top-at-mark-start (previous, next)
|   0|0x0000000740000000, 0x0000000740200000, 0x0000000740200000|100%|HS|  |TAMS 0x0000000740200000, 0x0000000740200000| Complete 
|   1|0x0000000740200000, 0x0000000740400000, 0x0000000740400000|100%|HC|  |TAMS 0x0000000740400000, 0x0000000740400000| Complete 
|   2|0x0000000740400000, 0x0000000740600000, 0x0000000740600000|100%| O|  |TAMS 0x0000000740600000, 0x0000000740600000| Untracked 
|   3|0x0000000740600000, 0x0000000740800000, 0x0000000740800000|100%| O|  |TAMS 0x0000000740800000, 0x0000000740800000| Untracked 
|   4|0x0000000740800000, 0x0000000740a00000, 0x0000000740a00000|100%| O|  |TAMS 0x0000000740a00000, 0x0000000740a00000| Untracked 
|   5|0x0000000740a00000, 0x0000000740c00000, 0x0000000740c00000|100%| O|  |TAMS 0x0000000740c00000, 0x0000000740c00000| Untracked 
|   6|0x0000000740c00000, 0x0000000740e00000, 0x0000000740e00000|100%| O|  |TAMS 0x0000000740e00000, 0x0000000740e00000| Untracked 
|   7|0x0000000740e00000, 0x0000000741000000, 0x0000000741000000|100%| O|  |TAMS 0x0000000741000000, 0x0000000741000000| Untracked 
|   8|0x0000000741000000, 0x0000000741200000, 0x0000000741200000|100%| O|  |TAMS 0x0000000741200000, 0x0000000741200000| Untracked 
|   9|0x0000000741200000, 0x0000000741400000, 0x0000000741400000|100%| O|  |TAMS 0x0000000741400000, 0x0000000741400000| Untracked 
|  10|0x0000000741400000, 0x0000000741600000, 0x0000000741600000|100%| O|  |TAMS 0x0000000741600000, 0x0000000741600000| Untracked 
|  11|0x0000000741600000, 0x0000000741800000, 0x0000000741800000|100%| O|  |TAMS 0x0000000741800000, 0x0000000741800000| Untracked 
|  12|0x0000000741800000, 0x0000000741a00000, 0x0000000741a00000|100%| O|  |TAMS 0x0000000741a00000, 0x0000000741a00000| Untracked 
|  13|0x0000000741a00000, 0x0000000741c00000, 0x0000000741c00000|100%| O|  |TAMS 0x0000000741c00000, 0x0000000741c00000| Untracked 
|  14|0x0000000741c00000, 0x0000000741e00000, 0x0000000741e00000|100%| O|  |TAMS 0x0000000741e00000, 0x0000000741e00000| Untracked 
|  15|0x0000000741e00000, 0x0000000742000000, 0x0000000742000000|100%| O|  |TAMS 0x0000000742000000, 0x0000000742000000| Untracked 
|  16|0x0000000742000000, 0x0000000742200000, 0x0000000742200000|100%| O|  |TAMS 0x0000000742200000, 0x0000000742200000| Untracked 
|  17|0x0000000742200000, 0x0000000742400000, 0x0000000742400000|100%| O|  |TAMS 0x0000000742400000, 0x0000000742400000| Untracked 
|  18|0x0000000742400000, 0x0000000742600000, 0x0000000742600000|100%| O|  |TAMS 0x0000000742600000, 0x0000000742600000| Untracked 
|  19|0x0000000742600000, 0x0000000742800000, 0x0000000742800000|100%|HS|  |TAMS 0x0000000742800000, 0x0000000742800000| Complete 
|  20|0x0000000742800000, 0x0000000742a00000, 0x0000000742a00000|100%| O|  |TAMS 0x0000000742a00000, 0x0000000742a00000| Untracked 
|  21|0x0000000742a00000, 0x0000000742c00000, 0x0000000742c00000|100%| O|  |TAMS 0x0000000742c00000, 0x0000000742c00000| Untracked 
|  22|0x0000000742c00000, 0x0000000742e00000, 0x0000000742e00000|100%| O|  |TAMS 0x0000000742e00000, 0x0000000742e00000| Untracked 
|  23|0x0000000742e00000, 0x0000000743000000, 0x0000000743000000|100%| O|  |TAMS 0x0000000743000000, 0x0000000743000000| Untracked 
|  24|0x0000000743000000, 0x0000000743200000, 0x0000000743200000|100%| O|  |TAMS 0x0000000743200000, 0x0000000743200000| Untracked 
|  25|0x0000000743200000, 0x0000000743400000, 0x0000000743400000|100%| O|  |TAMS 0x0000000743400000, 0x0000000743400000| Untracked 
|  26|0x0000000743400000, 0x0000000743600000, 0x0000000743600000|100%| O|  |TAMS 0x0000000743600000, 0x0000000743600000| Untracked 
|  27|0x0000000743600000, 0x0000000743800000, 0x0000000743800000|100%| O|  |TAMS 0x00000007436f3800, 0x0000000743800000| Untracked 
|  28|0x0000000743800000, 0x0000000743a00000, 0x0000000743a00000|100%| O|  |TAMS 0x0000000743800000, 0x0000000743a00000| Untracked 
|  29|0x0000000743a00000, 0x0000000743c00000, 0x0000000743c00000|100%| O|  |TAMS 0x0000000743a00000, 0x0000000743c00000| Untracked 
|  30|0x0000000743c00000, 0x0000000743e00000, 0x0000000743e00000|100%| O|  |TAMS 0x0000000743c00000, 0x0000000743e00000| Untracked 
|  31|0x0000000743e00000, 0x0000000744000000, 0x0000000744000000|100%| O|  |TAMS 0x0000000743e00000, 0x0000000744000000| Untracked 
|  32|0x0000000744000000, 0x0000000744200000, 0x0000000744200000|100%| O|  |TAMS 0x0000000744000000, 0x0000000744200000| Untracked 
|  33|0x0000000744200000, 0x0000000744400000, 0x0000000744400000|100%| O|  |TAMS 0x0000000744200000, 0x0000000744400000| Untracked 
|  34|0x0000000744400000, 0x0000000744600000, 0x0000000744600000|100%| O|  |TAMS 0x0000000744400000, 0x0000000744600000| Untracked 
|  35|0x0000000744600000, 0x0000000744800000, 0x0000000744800000|100%| O|  |TAMS 0x0000000744600000, 0x0000000744800000| Untracked 
|  36|0x0000000744800000, 0x0000000744a00000, 0x0000000744a00000|100%| O|  |TAMS 0x0000000744800000, 0x0000000744a00000| Untracked 
|  37|0x0000000744a00000, 0x0000000744c00000, 0x0000000744c00000|100%| O|  |TAMS 0x0000000744a00000, 0x0000000744c00000| Untracked 
|  38|0x0000000744c00000, 0x0000000744e00000, 0x0000000744e00000|100%| O|  |TAMS 0x0000000744c00000, 0x0000000744e00000| Untracked 
|  39|0x0000000744e00000, 0x0000000745000000, 0x0000000745000000|100%| O|  |TAMS 0x0000000744e00000, 0x0000000745000000| Untracked 
|  40|0x0000000745000000, 0x0000000745200000, 0x0000000745200000|100%| O|  |TAMS 0x0000000745000000, 0x0000000745200000| Untracked 
|  41|0x0000000745200000, 0x0000000745400000, 0x0000000745400000|100%| O|  |TAMS 0x0000000745200000, 0x0000000745400000| Untracked 
|  42|0x0000000745400000, 0x0000000745600000, 0x0000000745600000|100%| O|  |TAMS 0x0000000745400000, 0x0000000745600000| Untracked 
|  43|0x0000000745600000, 0x0000000745800000, 0x0000000745800000|100%| O|  |TAMS 0x0000000745600000, 0x0000000745800000| Untracked 
|  44|0x0000000745800000, 0x0000000745a00000, 0x0000000745a00000|100%| O|  |TAMS 0x0000000745800000, 0x0000000745a00000| Untracked 
|  45|0x0000000745a00000, 0x0000000745c00000, 0x0000000745c00000|100%| O|  |TAMS 0x0000000745a00000, 0x0000000745c00000| Untracked 
|  46|0x0000000745c00000, 0x0000000745e00000, 0x0000000745e00000|100%| O|  |TAMS 0x0000000745c00000, 0x0000000745e00000| Untracked 
|  47|0x0000000745e00000, 0x0000000746000000, 0x0000000746000000|100%| O|  |TAMS 0x0000000745e00000, 0x0000000746000000| Untracked 
|  48|0x0000000746000000, 0x0000000746200000, 0x0000000746200000|100%| O|  |TAMS 0x0000000746000000, 0x0000000746200000| Untracked 
|  49|0x0000000746200000, 0x0000000746400000, 0x0000000746400000|100%| O|  |TAMS 0x0000000746200000, 0x0000000746400000| Untracked 
|  50|0x0000000746400000, 0x0000000746600000, 0x0000000746600000|100%| O|  |TAMS 0x0000000746400000, 0x0000000746600000| Untracked 
|  51|0x0000000746600000, 0x0000000746800000, 0x0000000746800000|100%| O|  |TAMS 0x0000000746600000, 0x0000000746600000| Untracked 
|  52|0x0000000746800000, 0x0000000746a00000, 0x0000000746a00000|100%| O|  |TAMS 0x0000000746800000, 0x0000000746800000| Untracked 
|  53|0x0000000746a00000, 0x0000000746c00000, 0x0000000746c00000|100%| O|  |TAMS 0x0000000746a00000, 0x0000000746a00000| Untracked 
|  54|0x0000000746c00000, 0x0000000746e00000, 0x0000000746e00000|100%| O|  |TAMS 0x0000000746c00000, 0x0000000746c00000| Untracked 
|  55|0x0000000746e00000, 0x0000000747000000, 0x0000000747000000|100%| O|  |TAMS 0x0000000746e00000, 0x0000000746e00000| Untracked 
|  56|0x0000000747000000, 0x0000000747200000, 0x0000000747200000|100%| O|  |TAMS 0x0000000747000000, 0x0000000747000000| Untracked 
|  57|0x0000000747200000, 0x0000000747400000, 0x0000000747400000|100%| O|  |TAMS 0x0000000747200000, 0x0000000747200000| Untracked 
|  58|0x0000000747400000, 0x0000000747600000, 0x0000000747600000|100%| O|  |TAMS 0x0000000747400000, 0x0000000747400000| Untracked 
|  59|0x0000000747600000, 0x0000000747800000, 0x0000000747800000|100%| O|  |TAMS 0x0000000747600000, 0x0000000747800000| Untracked 
|  60|0x0000000747800000, 0x0000000747a00000, 0x0000000747a00000|100%| O|  |TAMS 0x0000000747800000, 0x0000000747a00000| Untracked 
|  61|0x0000000747a00000, 0x0000000747c00000, 0x0000000747c00000|100%| O|  |TAMS 0x0000000747a00000, 0x0000000747c00000| Untracked 
|  62|0x0000000747c00000, 0x0000000747e00000, 0x0000000747e00000|100%| O|  |TAMS 0x0000000747c00000, 0x0000000747e00000| Untracked 
|  63|0x0000000747e00000, 0x0000000748000000, 0x0000000748000000|100%| O|  |TAMS 0x0000000747e00000, 0x0000000748000000| Untracked 
|  64|0x0000000748000000, 0x0000000748200000, 0x0000000748200000|100%| O|  |TAMS 0x0000000748000000, 0x0000000748200000| Untracked 
|  65|0x0000000748200000, 0x0000000748400000, 0x0000000748400000|100%| O|  |TAMS 0x0000000748200000, 0x0000000748300000| Untracked 
|  66|0x0000000748400000, 0x0000000748600000, 0x0000000748600000|100%| O|  |TAMS 0x0000000748400000, 0x0000000748400000| Untracked 
|  67|0x0000000748600000, 0x0000000748800000, 0x0000000748800000|100%| O|  |TAMS 0x0000000748600000, 0x0000000748600000| Untracked 
|  68|0x0000000748800000, 0x0000000748a00000, 0x0000000748a00000|100%| O|  |TAMS 0x0000000748800000, 0x0000000748800000| Untracked 
|  69|0x0000000748a00000, 0x0000000748c00000, 0x0000000748c00000|100%| O|  |TAMS 0x0000000748a00000, 0x0000000748a00000| Untracked 
|  70|0x0000000748c00000, 0x0000000748c00000, 0x0000000748e00000|  0%| F|  |TAMS 0x0000000748c00000, 0x0000000748c00000| Untracked 
|  71|0x0000000748e00000, 0x0000000748e00000, 0x0000000749000000|  0%| F|  |TAMS 0x0000000748e00000, 0x0000000748e00000| Untracked 
|  72|0x0000000749000000, 0x0000000749000000, 0x0000000749200000|  0%| F|  |TAMS 0x0000000749000000, 0x0000000749000000| Untracked 
|  73|0x0000000749200000, 0x0000000749200000, 0x0000000749400000|  0%| F|  |TAMS 0x0000000749200000, 0x0000000749200000| Untracked 
|  74|0x0000000749400000, 0x0000000749400000, 0x0000000749600000|  0%| F|  |TAMS 0x0000000749400000, 0x0000000749400000| Untracked 
|  75|0x0000000749600000, 0x0000000749600000, 0x0000000749800000|  0%| F|  |TAMS 0x0000000749600000, 0x0000000749600000| Untracked 
|  76|0x0000000749800000, 0x0000000749800000, 0x0000000749a00000|  0%| F|  |TAMS 0x0000000749800000, 0x0000000749800000| Untracked 
|  77|0x0000000749a00000, 0x0000000749a00000, 0x0000000749c00000|  0%| F|  |TAMS 0x0000000749a00000, 0x0000000749a00000| Untracked 
|  78|0x0000000749c00000, 0x0000000749c00000, 0x0000000749e00000|  0%| F|  |TAMS 0x0000000749c00000, 0x0000000749c00000| Untracked 
|  79|0x0000000749e00000, 0x0000000749e00000, 0x000000074a000000|  0%| F|  |TAMS 0x0000000749e00000, 0x0000000749e00000| Untracked 
|  80|0x000000074a000000, 0x000000074a000000, 0x000000074a200000|  0%| F|  |TAMS 0x000000074a000000, 0x000000074a000000| Untracked 
|  81|0x000000074a200000, 0x000000074a200000, 0x000000074a400000|  0%| F|  |TAMS 0x000000074a200000, 0x000000074a200000| Untracked 
|  82|0x000000074a400000, 0x000000074a400000, 0x000000074a600000|  0%| F|  |TAMS 0x000000074a400000, 0x000000074a400000| Untracked 
|  83|0x000000074a600000, 0x000000074a600000, 0x000000074a800000|  0%| F|  |TAMS 0x000000074a600000, 0x000000074a600000| Untracked 
|  84|0x000000074a800000, 0x000000074a800000, 0x000000074aa00000|  0%| F|  |TAMS 0x000000074a800000, 0x000000074a800000| Untracked 
|  85|0x000000074aa00000, 0x000000074aa00000, 0x000000074ac00000|  0%| F|  |TAMS 0x000000074aa00000, 0x000000074aa00000| Untracked 
|  86|0x000000074ac00000, 0x000000074ac00000, 0x000000074ae00000|  0%| F|  |TAMS 0x000000074ac00000, 0x000000074ac00000| Untracked 
|  87|0x000000074ae00000, 0x000000074ae00000, 0x000000074b000000|  0%| F|  |TAMS 0x000000074ae00000, 0x000000074ae00000| Untracked 
|  88|0x000000074b000000, 0x000000074b000000, 0x000000074b200000|  0%| F|  |TAMS 0x000000074b000000, 0x000000074b000000| Untracked 
|  89|0x000000074b200000, 0x000000074b200000, 0x000000074b400000|  0%| F|  |TAMS 0x000000074b200000, 0x000000074b200000| Untracked 
|  90|0x000000074b400000, 0x000000074b400000, 0x000000074b600000|  0%| F|  |TAMS 0x000000074b400000, 0x000000074b400000| Untracked 
|  91|0x000000074b600000, 0x000000074b600000, 0x000000074b800000|  0%| F|  |TAMS 0x000000074b600000, 0x000000074b600000| Untracked 
|  92|0x000000074b800000, 0x000000074b800000, 0x000000074ba00000|  0%| F|  |TAMS 0x000000074b800000, 0x000000074b800000| Untracked 
|  93|0x000000074ba00000, 0x000000074ba00000, 0x000000074bc00000|  0%| F|  |TAMS 0x000000074ba00000, 0x000000074ba00000| Untracked 
|  94|0x000000074bc00000, 0x000000074bc00000, 0x000000074be00000|  0%| F|  |TAMS 0x000000074bc00000, 0x000000074bc00000| Untracked 
|  95|0x000000074be00000, 0x000000074be00000, 0x000000074c000000|  0%| F|  |TAMS 0x000000074be00000, 0x000000074be00000| Untracked 
|  96|0x000000074c000000, 0x000000074c000000, 0x000000074c200000|  0%| F|  |TAMS 0x000000074c000000, 0x000000074c000000| Untracked 
|  97|0x000000074c200000, 0x000000074c200000, 0x000000074c400000|  0%| F|  |TAMS 0x000000074c200000, 0x000000074c200000| Untracked 
|  98|0x000000074c400000, 0x000000074c400000, 0x000000074c600000|  0%| F|  |TAMS 0x000000074c400000, 0x000000074c400000| Untracked 
|  99|0x000000074c600000, 0x000000074c600000, 0x000000074c800000|  0%| F|  |TAMS 0x000000074c600000, 0x000000074c600000| Untracked 
| 100|0x000000074c800000, 0x000000074c800000, 0x000000074ca00000|  0%| F|  |TAMS 0x000000074c800000, 0x000000074c800000| Untracked 
| 101|0x000000074ca00000, 0x000000074ca00000, 0x000000074cc00000|  0%| F|  |TAMS 0x000000074ca00000, 0x000000074ca00000| Untracked 
| 102|0x000000074cc00000, 0x000000074cc00000, 0x000000074ce00000|  0%| F|  |TAMS 0x000000074cc00000, 0x000000074cc00000| Untracked 
| 103|0x000000074ce00000, 0x000000074ce00000, 0x000000074d000000|  0%| F|  |TAMS 0x000000074ce00000, 0x000000074ce00000| Untracked 
| 104|0x000000074d000000, 0x000000074d000000, 0x000000074d200000|  0%| F|  |TAMS 0x000000074d000000, 0x000000074d000000| Untracked 
| 105|0x000000074d200000, 0x000000074d400000, 0x000000074d400000|100%| S|CS|TAMS 0x000000074d200000, 0x000000074d200000| Complete 
| 106|0x000000074d400000, 0x000000074d600000, 0x000000074d600000|100%| S|CS|TAMS 0x000000074d400000, 0x000000074d400000| Complete 
| 107|0x000000074d600000, 0x000000074d800000, 0x000000074d800000|100%| S|CS|TAMS 0x000000074d600000, 0x000000074d600000| Complete 
| 108|0x000000074d800000, 0x000000074da00000, 0x000000074da00000|100%| S|CS|TAMS 0x000000074d800000, 0x000000074d800000| Complete 
| 109|0x000000074da00000, 0x000000074da00000, 0x000000074dc00000|  0%| F|  |TAMS 0x000000074da00000, 0x000000074da00000| Untracked 
| 110|0x000000074dc00000, 0x000000074dc00000, 0x000000074de00000|  0%| F|  |TAMS 0x000000074dc00000, 0x000000074dc00000| Untracked 
| 111|0x000000074de00000, 0x000000074de00000, 0x000000074e000000|  0%| F|  |TAMS 0x000000074de00000, 0x000000074de00000| Untracked 
| 112|0x000000074e000000, 0x000000074e000000, 0x000000074e200000|  0%| F|  |TAMS 0x000000074e000000, 0x000000074e000000| Untracked 
| 113|0x000000074e200000, 0x000000074e200000, 0x000000074e400000|  0%| F|  |TAMS 0x000000074e200000, 0x000000074e200000| Untracked 
| 114|0x000000074e400000, 0x000000074e400000, 0x000000074e600000|  0%| F|  |TAMS 0x000000074e400000, 0x000000074e400000| Untracked 
| 115|0x000000074e600000, 0x000000074e600000, 0x000000074e800000|  0%| F|  |TAMS 0x000000074e600000, 0x000000074e600000| Untracked 
| 116|0x000000074e800000, 0x000000074e800000, 0x000000074ea00000|  0%| F|  |TAMS 0x000000074e800000, 0x000000074e800000| Untracked 
| 117|0x000000074ea00000, 0x000000074ea00000, 0x000000074ec00000|  0%| F|  |TAMS 0x000000074ea00000, 0x000000074ea00000| Untracked 
| 118|0x000000074ec00000, 0x000000074ec00000, 0x000000074ee00000|  0%| F|  |TAMS 0x000000074ec00000, 0x000000074ec00000| Untracked 
| 119|0x000000074ee00000, 0x000000074ee00000, 0x000000074f000000|  0%| F|  |TAMS 0x000000074ee00000, 0x000000074ee00000| Untracked 
| 120|0x000000074f000000, 0x000000074f000000, 0x000000074f200000|  0%| F|  |TAMS 0x000000074f000000, 0x000000074f000000| Untracked 
| 121|0x000000074f200000, 0x000000074f200000, 0x000000074f400000|  0%| F|  |TAMS 0x000000074f200000, 0x000000074f200000| Untracked 
| 122|0x000000074f400000, 0x000000074f400000, 0x000000074f600000|  0%| F|  |TAMS 0x000000074f400000, 0x000000074f400000| Untracked 
| 123|0x000000074f600000, 0x000000074f600000, 0x000000074f800000|  0%| F|  |TAMS 0x000000074f600000, 0x000000074f600000| Untracked 
| 124|0x000000074f800000, 0x000000074f800000, 0x000000074fa00000|  0%| F|  |TAMS 0x000000074f800000, 0x000000074f800000| Untracked 
| 125|0x000000074fa00000, 0x000000074fa00000, 0x000000074fc00000|  0%| F|  |TAMS 0x000000074fa00000, 0x000000074fa00000| Untracked 
| 126|0x000000074fc00000, 0x000000074fc00000, 0x000000074fe00000|  0%| F|  |TAMS 0x000000074fc00000, 0x000000074fc00000| Untracked 
| 127|0x000000074fe00000, 0x000000074fe00000, 0x0000000750000000|  0%| F|  |TAMS 0x000000074fe00000, 0x000000074fe00000| Untracked 
| 128|0x0000000750000000, 0x0000000750000000, 0x0000000750200000|  0%| F|  |TAMS 0x0000000750000000, 0x0000000750000000| Untracked 
| 129|0x0000000750200000, 0x0000000750200000, 0x0000000750400000|  0%| F|  |TAMS 0x0000000750200000, 0x0000000750200000| Untracked 
| 130|0x0000000750400000, 0x0000000750400000, 0x0000000750600000|  0%| F|  |TAMS 0x0000000750400000, 0x0000000750400000| Untracked 
| 131|0x0000000750600000, 0x0000000750600000, 0x0000000750800000|  0%| F|  |TAMS 0x0000000750600000, 0x0000000750600000| Untracked 
| 132|0x0000000750800000, 0x0000000750800000, 0x0000000750a00000|  0%| F|  |TAMS 0x0000000750800000, 0x0000000750800000| Untracked 
| 133|0x0000000750a00000, 0x0000000750a00000, 0x0000000750c00000|  0%| F|  |TAMS 0x0000000750a00000, 0x0000000750a00000| Untracked 
|1511|0x00000007fce00000, 0x00000007fd000000, 0x00000007fd000000|100%| O|  |TAMS 0x00000007fce00000, 0x00000007fd000000| Untracked 
|1512|0x00000007fd000000, 0x00000007fd200000, 0x00000007fd200000|100%| O|  |TAMS 0x00000007fd000000, 0x00000007fd200000| Untracked 
|1513|0x00000007fd200000, 0x00000007fd400000, 0x00000007fd400000|100%| O|  |TAMS 0x00000007fd200000, 0x00000007fd400000| Untracked 
|1514|0x00000007fd400000, 0x00000007fd600000, 0x00000007fd600000|100%| O|  |TAMS 0x00000007fd400000, 0x00000007fd600000| Untracked 
|1515|0x00000007fd600000, 0x00000007fd800000, 0x00000007fd800000|100%| O|  |TAMS 0x00000007fd600000, 0x00000007fd800000| Untracked 
|1516|0x00000007fd800000, 0x00000007fda00000, 0x00000007fda00000|100%| O|  |TAMS 0x00000007fd800000, 0x00000007fda00000| Untracked 
|1517|0x00000007fda00000, 0x00000007fdc00000, 0x00000007fdc00000|100%| O|  |TAMS 0x00000007fda00000, 0x00000007fdc00000| Untracked 
|1518|0x00000007fdc00000, 0x00000007fde00000, 0x00000007fde00000|100%| O|  |TAMS 0x00000007fdc00000, 0x00000007fde00000| Untracked 
|1519|0x00000007fde00000, 0x00000007fe000000, 0x00000007fe000000|100%| O|  |TAMS 0x00000007fde00000, 0x00000007fe000000| Untracked 
|1520|0x00000007fe000000, 0x00000007fe200000, 0x00000007fe200000|100%| O|  |TAMS 0x00000007fe000000, 0x00000007fe200000| Untracked 
|1521|0x00000007fe200000, 0x00000007fe400000, 0x00000007fe400000|100%| O|  |TAMS 0x00000007fe200000, 0x00000007fe400000| Untracked 
|1522|0x00000007fe400000, 0x00000007fe600000, 0x00000007fe600000|100%| O|  |TAMS 0x00000007fe400000, 0x00000007fe600000| Untracked 
|1523|0x00000007fe600000, 0x00000007fe800000, 0x00000007fe800000|100%| O|  |TAMS 0x00000007fe600000, 0x00000007fe800000| Untracked 
|1524|0x00000007fe800000, 0x00000007fea00000, 0x00000007fea00000|100%| O|  |TAMS 0x00000007fe800000, 0x00000007fea00000| Untracked 
|1525|0x00000007fea00000, 0x00000007fec00000, 0x00000007fec00000|100%| O|  |TAMS 0x00000007fea00000, 0x00000007fec00000| Untracked 
|1526|0x00000007fec00000, 0x00000007fee00000, 0x00000007fee00000|100%| O|  |TAMS 0x00000007fec00000, 0x00000007fee00000| Untracked 
|1527|0x00000007fee00000, 0x00000007ff000000, 0x00000007ff000000|100%| O|  |TAMS 0x00000007fee00000, 0x00000007ff000000| Untracked 
|1528|0x00000007ff000000, 0x00000007ff200000, 0x00000007ff200000|100%| O|  |TAMS 0x00000007ff000000, 0x00000007ff200000| Untracked 
|1529|0x00000007ff200000, 0x00000007ff400000, 0x00000007ff400000|100%| O|  |TAMS 0x00000007ff200000, 0x00000007ff400000| Untracked 
|1530|0x00000007ff400000, 0x00000007ff600000, 0x00000007ff600000|100%| O|  |TAMS 0x00000007ff400000, 0x00000007ff600000| Untracked 
|1531|0x00000007ff600000, 0x00000007ff800000, 0x00000007ff800000|100%| O|  |TAMS 0x00000007ff600000, 0x00000007ff800000| Untracked 
|1532|0x00000007ff800000, 0x00000007ffa00000, 0x00000007ffa00000|100%| O|  |TAMS 0x00000007ff800000, 0x00000007ffa00000| Untracked 
|1533|0x00000007ffa00000, 0x00000007ffc00000, 0x00000007ffc00000|100%| O|  |TAMS 0x00000007ffa00000, 0x00000007ffc00000| Untracked 
|1534|0x00000007ffc00000, 0x00000007ffe00000, 0x00000007ffe00000|100%| O|  |TAMS 0x00000007ffc00000, 0x00000007ffe00000| Untracked 
|1535|0x00000007ffe00000, 0x0000000800000000, 0x0000000800000000|100%| O|  |TAMS 0x00000007ffe00000, 0x0000000800000000| Untracked 

Card table byte_map: [0x0000017e7bfc0000,0x0000017e7c5c0000] _byte_map_base: 0x0000017e785c0000

Marking Bits (Prev, Next): (CMBitMap*) 0x0000017e64dd68f0, (CMBitMap*) 0x0000017e64dd68b0
 Prev Bits: [0x0000017e00000000, 0x0000017e03000000)
 Next Bits: [0x0000017e7cbc0000, 0x0000017e7fbc0000)

Polling page: 0x0000017e62d60000

Metaspace:

Usage:
  Non-class:     59.93 MB used.
      Class:      9.62 MB used.
       Both:     69.55 MB used.

Virtual space:
  Non-class space:       64.00 MB reserved,      60.38 MB ( 94%) committed,  1 nodes.
      Class space:        1.00 GB reserved,       9.94 MB ( <1%) committed,  1 nodes.
             Both:        1.06 GB reserved,      70.31 MB (  6%) committed. 

Chunk freelists:
   Non-Class:  3.59 MB
       Class:  6.07 MB
        Both:  9.67 MB

MaxMetaspaceSize: unlimited
CompressedClassSpaceSize: 1.00 GB
Initial GC threshold: 21.00 MB
Current GC threshold: 101.06 MB
CDS: on
MetaspaceReclaimPolicy: balanced
 - commit_granule_bytes: 65536.
 - commit_granule_words: 8192.
 - virtual_space_node_default_size: 8388608.
 - enlarge_chunks_in_place: 1.
 - new_chunks_are_fully_committed: 0.
 - uncommit_free_chunks: 1.
 - use_allocation_guard: 0.
 - handle_deallocations: 1.


Internal statistics:

num_allocs_failed_limit: 6.
num_arena_births: 978.
num_arena_deaths: 0.
num_vsnodes_births: 2.
num_vsnodes_deaths: 0.
num_space_committed: 1125.
num_space_uncommitted: 0.
num_chunks_returned_to_freelist: 6.
num_chunks_taken_from_freelist: 3908.
num_chunk_merges: 6.
num_chunk_splits: 2408.
num_chunks_enlarged: 1409.
num_inconsistent_stats: 0.

CodeHeap 'non-profiled nmethods': size=120000Kb used=6739Kb max_used=6739Kb free=113260Kb
 bounds [0x0000017e74380000, 0x0000017e74a20000, 0x0000017e7b8b0000]
CodeHeap 'profiled nmethods': size=120000Kb used=20971Kb max_used=20971Kb free=99028Kb
 bounds [0x0000017e6c8b0000, 0x0000017e6dd30000, 0x0000017e73de0000]
CodeHeap 'non-nmethods': size=5760Kb used=2387Kb max_used=2447Kb free=3372Kb
 bounds [0x0000017e73de0000, 0x0000017e74050000, 0x0000017e74380000]
 total_blobs=11557 nmethods=10646 adapters=822
 compilation: enabled
              stopped_count=0, restarted_count=0
 full_count=0

Compilation events (20 events):
Event: 62.108 Thread 0x0000017e05519fc0 12218       2       java.util.TimSort::<init> (181 bytes)
Event: 62.108 Thread 0x0000017e05519fc0 nmethod 12218 0x0000017e6dd2a290 code [0x0000017e6dd2a460, 0x0000017e6dd2aa98]
Event: 62.110 Thread 0x0000017e05519aa0 nmethod 12104 0x0000017e74a09790 code [0x0000017e74a099e0, 0x0000017e74a0b4a0]
Event: 62.110 Thread 0x0000017e05519aa0 12220       4       java.util.regex.Matcher::find (69 bytes)
Event: 62.116 Thread 0x0000017e05519aa0 nmethod 12220 0x0000017e74a0bf90 code [0x0000017e74a0c140, 0x0000017e74a0c5c8]
Event: 62.116 Thread 0x0000017e05519aa0 12217       4       java.util.regex.Matcher::quoteReplacement (82 bytes)
Event: 62.124 Thread 0x0000017e4c20fc40 nmethod 12105 0x0000017e74a0c990 code [0x0000017e74a0cbe0, 0x0000017e74a0e660]
Event: 62.124 Thread 0x0000017e4c20fc40 12223       4       java.util.regex.Pattern$StartS::match (138 bytes)
Event: 62.129 Thread 0x0000017e4c20fc40 nmethod 12223 0x0000017e74a0f190 code [0x0000017e74a0f360, 0x0000017e74a0f8f8]
Event: 62.129 Thread 0x0000017e4c20fc40 12106       4       net.minecraftforge.srgutils.MappingFile$Cls$Method::<init> (12 bytes)
Event: 62.132 Thread 0x0000017e05519aa0 nmethod 12217 0x0000017e74a0fe10 code [0x0000017e74a10040, 0x0000017e74a11500]
Event: 62.132 Thread 0x0000017e05519aa0 12225       4       java.util.regex.Pattern$StartS::match (138 bytes)
Event: 62.136 Thread 0x0000017e05519aa0 nmethod 12225 0x0000017e74a11f90 code [0x0000017e74a12160, 0x0000017e74a126d8]
Event: 62.136 Thread 0x0000017e05519aa0 12107       4       net.minecraftforge.srgutils.MappingFile$Cls$Method::<init> (51 bytes)
Event: 62.136 Thread 0x0000017e4c20fc40 nmethod 12106 0x0000017e74a12c10 code [0x0000017e74a12dc0, 0x0000017e74a138d8]
Event: 62.136 Thread 0x0000017e4c20fc40 12213       4       java.util.stream.SortedOps$SizedRefSortingSink::accept (18 bytes)
Event: 62.137 Thread 0x0000017e4c20fc40 nmethod 12213 0x0000017e74a13b90 code [0x0000017e74a13d20, 0x0000017e74a13ed8]
Event: 62.137 Thread 0x0000017e4c20fc40 12215       4       net.minecraftforge.srgutils.MappingFile::write (39 bytes)
Event: 62.143 Thread 0x0000017e05519aa0 nmethod 12107 0x0000017e74a13f90 code [0x0000017e74a14140, 0x0000017e74a14c58]
Event: 62.143 Thread 0x0000017e05519aa0 12216       4       net.minecraftforge.srgutils.InternalUtils::writeMeta (254 bytes)

GC Heap History (20 events):
Event: 13.999 GC heap after
{Heap after GC invocations=37 (full 0):
 garbage-first heap   total 172032K, used 67974K [0x0000000740000000, 0x0000000800000000)
  region size 2048K, 2 young (4096K), 2 survivors (4096K)
 Metaspace       used 66796K, committed 67584K, reserved 1114112K
  class space    used 9370K, committed 9728K, reserved 1048576K
}
Event: 14.014 GC heap before
{Heap before GC invocations=37 (full 0):
 garbage-first heap   total 172032K, used 78214K [0x0000000740000000, 0x0000000800000000)
  region size 2048K, 3 young (6144K), 2 survivors (4096K)
 Metaspace       used 66796K, committed 67584K, reserved 1114112K
  class space    used 9370K, committed 9728K, reserved 1048576K
}
Event: 14.016 GC heap after
{Heap after GC invocations=38 (full 0):
 garbage-first heap   total 172032K, used 67816K [0x0000000740000000, 0x0000000800000000)
  region size 2048K, 2 young (4096K), 2 survivors (4096K)
 Metaspace       used 66796K, committed 67584K, reserved 1114112K
  class space    used 9370K, committed 9728K, reserved 1048576K
}
Event: 14.101 GC heap before
{Heap before GC invocations=38 (full 0):
 garbage-first heap   total 172032K, used 78056K [0x0000000740000000, 0x0000000800000000)
  region size 2048K, 4 young (8192K), 2 survivors (4096K)
 Metaspace       used 66807K, committed 67584K, reserved 1114112K
  class space    used 9371K, committed 9728K, reserved 1048576K
}
Event: 14.102 GC heap after
{Heap after GC invocations=39 (full 0):
 garbage-first heap   total 172032K, used 67665K [0x0000000740000000, 0x0000000800000000)
  region size 2048K, 2 young (4096K), 2 survivors (4096K)
 Metaspace       used 66807K, committed 67584K, reserved 1114112K
  class space    used 9371K, committed 9728K, reserved 1048576K
}
Event: 14.162 GC heap before
{Heap before GC invocations=39 (full 0):
 garbage-first heap   total 172032K, used 77905K [0x0000000740000000, 0x0000000800000000)
  region size 2048K, 3 young (6144K), 2 survivors (4096K)
 Metaspace       used 66868K, committed 67648K, reserved 1114112K
  class space    used 9371K, committed 9728K, reserved 1048576K
}
Event: 14.164 GC heap after
{Heap after GC invocations=40 (full 0):
 garbage-first heap   total 172032K, used 67709K [0x0000000740000000, 0x0000000800000000)
  region size 2048K, 2 young (4096K), 2 survivors (4096K)
 Metaspace       used 66868K, committed 67648K, reserved 1114112K
  class space    used 9371K, committed 9728K, reserved 1048576K
}
Event: 14.220 GC heap before
{Heap before GC invocations=40 (full 0):
 garbage-first heap   total 172032K, used 82045K [0x0000000740000000, 0x0000000800000000)
  region size 2048K, 4 young (8192K), 2 survivors (4096K)
 Metaspace       used 66981K, committed 67776K, reserved 1114112K
  class space    used 9371K, committed 9728K, reserved 1048576K
}
Event: 14.227 GC heap after
{Heap after GC invocations=41 (full 0):
 garbage-first heap   total 270336K, used 67832K [0x0000000740000000, 0x0000000800000000)
  region size 2048K, 2 young (4096K), 2 survivors (4096K)
 Metaspace       used 66981K, committed 67776K, reserved 1114112K
  class space    used 9371K, committed 9728K, reserved 1048576K
}
Event: 16.376 GC heap before
{Heap before GC invocations=41 (full 0):
 garbage-first heap   total 270336K, used 205048K [0x0000000740000000, 0x0000000800000000)
  region size 2048K, 46 young (94208K), 2 survivors (4096K)
 Metaspace       used 67475K, committed 68160K, reserved 1114112K
  class space    used 9407K, committed 9728K, reserved 1048576K
}
Event: 16.383 GC heap after
{Heap after GC invocations=42 (full 0):
 garbage-first heap   total 270336K, used 72214K [0x0000000740000000, 0x0000000800000000)
  region size 2048K, 4 young (8192K), 4 survivors (8192K)
 Metaspace       used 67475K, committed 68160K, reserved 1114112K
  class space    used 9407K, committed 9728K, reserved 1048576K
}
Event: 60.481 GC heap before
{Heap before GC invocations=42 (full 0):
 garbage-first heap   total 270336K, used 182806K [0x0000000740000000, 0x0000000800000000)
  region size 2048K, 39 young (79872K), 4 survivors (8192K)
 Metaspace       used 69061K, committed 69824K, reserved 1114112K
  class space    used 9574K, committed 9920K, reserved 1048576K
}
Event: 60.488 GC heap after
{Heap after GC invocations=43 (full 0):
 garbage-first heap   total 270336K, used 76657K [0x0000000740000000, 0x0000000800000000)
  region size 2048K, 6 young (12288K), 6 survivors (12288K)
 Metaspace       used 69061K, committed 69824K, reserved 1114112K
  class space    used 9574K, committed 9920K, reserved 1048576K
}
Event: 60.876 GC heap before
{Heap before GC invocations=43 (full 0):
 garbage-first heap   total 270336K, used 152433K [0x0000000740000000, 0x0000000800000000)
  region size 2048K, 17 young (34816K), 6 survivors (12288K)
 Metaspace       used 69841K, committed 70656K, reserved 1114112K
  class space    used 9683K, committed 10048K, reserved 1048576K
}
Event: 60.884 GC heap after
{Heap after GC invocations=44 (full 0):
 garbage-first heap   total 270336K, used 78786K [0x0000000740000000, 0x0000000800000000)
  region size 2048K, 6 young (12288K), 6 survivors (12288K)
 Metaspace       used 69841K, committed 70656K, reserved 1114112K
  class space    used 9683K, committed 10048K, reserved 1048576K
}
Event: 61.750 GC heap before
{Heap before GC invocations=44 (full 0):
 garbage-first heap   total 270336K, used 244674K [0x0000000740000000, 0x0000000800000000)
  region size 2048K, 72 young (147456K), 6 survivors (12288K)
 Metaspace       used 71020K, committed 71808K, reserved 1114112K
  class space    used 9825K, committed 10176K, reserved 1048576K
}
Event: 61.796 GC heap after
{Heap after GC invocations=45 (full 0):
 garbage-first heap   total 325632K, used 142740K [0x0000000740000000, 0x0000000800000000)
  region size 2048K, 10 young (20480K), 10 survivors (20480K)
 Metaspace       used 71020K, committed 71808K, reserved 1114112K
  class space    used 9825K, committed 10176K, reserved 1048576K
}
Event: 61.929 GC heap before
{Heap before GC invocations=45 (full 0):
 garbage-first heap   total 325632K, used 226708K [0x0000000740000000, 0x0000000800000000)
  region size 2048K, 51 young (104448K), 10 survivors (20480K)
 Metaspace       used 71137K, committed 71936K, reserved 1114112K
  class space    used 9838K, committed 10176K, reserved 1048576K
}
Event: 61.967 GC heap after
{Heap after GC invocations=46 (full 0):
 garbage-first heap   total 325632K, used 183296K [0x0000000740000000, 0x0000000800000000)
  region size 2048K, 7 young (14336K), 7 survivors (14336K)
 Metaspace       used 71137K, committed 71936K, reserved 1114112K
  class space    used 9838K, committed 10176K, reserved 1048576K
}
Event: 62.145 GC heap before
{Heap before GC invocations=46 (full 0):
 garbage-first heap   total 325632K, used 234496K [0x0000000740000000, 0x0000000800000000)
  region size 2048K, 32 young (65536K), 7 survivors (14336K)
 Metaspace       used 71219K, committed 72000K, reserved 1114112K
  class space    used 9846K, committed 10176K, reserved 1048576K
}

Dll operation events (15 events):
Event: 0.008 Loaded shared library C:\Users\Administrator.DESKTOP-MTPLHHU\.jdks\corretto-17.0.12\bin\java.dll
Event: 0.021 Loaded shared library C:\Users\Administrator.DESKTOP-MTPLHHU\.jdks\corretto-17.0.12\bin\jsvml.dll
Event: 0.065 Loaded shared library C:\Users\Administrator.DESKTOP-MTPLHHU\.jdks\corretto-17.0.12\bin\zip.dll
Event: 0.067 Loaded shared library C:\Users\Administrator.DESKTOP-MTPLHHU\.jdks\corretto-17.0.12\bin\instrument.dll
Event: 0.071 Loaded shared library C:\Users\Administrator.DESKTOP-MTPLHHU\.jdks\corretto-17.0.12\bin\net.dll
Event: 0.072 Loaded shared library C:\Users\Administrator.DESKTOP-MTPLHHU\.jdks\corretto-17.0.12\bin\nio.dll
Event: 0.075 Loaded shared library C:\Users\Administrator.DESKTOP-MTPLHHU\.jdks\corretto-17.0.12\bin\zip.dll
Event: 0.182 Loaded shared library C:\Users\Administrator.DESKTOP-MTPLHHU\.jdks\corretto-17.0.12\bin\jimage.dll
Event: 0.242 Loaded shared library C:\Users\Administrator.DESKTOP-MTPLHHU\.jdks\corretto-17.0.12\bin\verify.dll
Event: 0.331 Loaded shared library F:\new\.gradle\native\c067742578af261105cb4f569cf0c3c89f3d7b1fecec35dd04571415982c5e48\windows-amd64\native-platform.dll
Event: 0.368 Loaded shared library F:\new\.gradle\native\100fb08df4bc3b14c8652ba06237920a3bd2aa13389f12d3474272988ae205f9\windows-amd64\native-platform-file-events.dll
Event: 0.801 Loaded shared library C:\Users\Administrator.DESKTOP-MTPLHHU\.jdks\corretto-17.0.12\bin\management.dll
Event: 0.803 Loaded shared library C:\Users\Administrator.DESKTOP-MTPLHHU\.jdks\corretto-17.0.12\bin\management_ext.dll
Event: 0.943 Loaded shared library C:\Users\Administrator.DESKTOP-MTPLHHU\.jdks\corretto-17.0.12\bin\extnet.dll
Event: 1.057 Loaded shared library C:\Users\Administrator.DESKTOP-MTPLHHU\.jdks\corretto-17.0.12\bin\sunmscapi.dll

Deoptimization events (20 events):
Event: 61.522 Thread 0x0000017e4cac0830 Uncommon trap: trap_request=0xffffffbe fr.pc=0x0000017e749c10dc relative=0x000000000000029c
Event: 61.522 Thread 0x0000017e4cac0830 Uncommon trap: reason=profile_predicate action=maybe_recompile pc=0x0000017e749c10dc method=java.util.Iterator.forEachRemaining(Ljava/util/function/Consumer;)V @ 5 c2
Event: 61.522 Thread 0x0000017e4cac0830 DEOPT PACKING pc=0x0000017e749c10dc sp=0x00000053943fa7a0
Event: 61.522 Thread 0x0000017e4cac0830 DEOPT UNPACKING pc=0x0000017e73e369a3 sp=0x00000053943fa768 mode 2
Event: 61.549 Thread 0x0000017e4cac0830 Uncommon trap: trap_request=0xffffff45 fr.pc=0x0000017e749bec04 relative=0x0000000000000164
Event: 61.549 Thread 0x0000017e4cac0830 Uncommon trap: reason=unstable_if action=reinterpret pc=0x0000017e749bec04 method=java.io.BufferedReader$1.hasNext()Z @ 24 c2
Event: 61.549 Thread 0x0000017e4cac0830 DEOPT PACKING pc=0x0000017e749bec04 sp=0x00000053943fa750
Event: 61.549 Thread 0x0000017e4cac0830 DEOPT UNPACKING pc=0x0000017e73e369a3 sp=0x00000053943fa700 mode 2
Event: 61.665 Thread 0x0000017e4cac0830 Uncommon trap: trap_request=0xffffffcc fr.pc=0x0000017e749ca230 relative=0x0000000000000190
Event: 61.666 Thread 0x0000017e4cac0830 Uncommon trap: reason=intrinsic_or_type_checked_inlining action=make_not_entrant pc=0x0000017e749ca230 method=java.util.ArrayList$SubList.toArray([Ljava/lang/Object;)[Ljava/lang/Object; @ 58 c2
Event: 61.666 Thread 0x0000017e4cac0830 DEOPT PACKING pc=0x0000017e749ca230 sp=0x00000053943fa780
Event: 61.666 Thread 0x0000017e4cac0830 DEOPT UNPACKING pc=0x0000017e73e369a3 sp=0x00000053943fa730 mode 2
Event: 61.817 Thread 0x0000017e4cac0830 Uncommon trap: trap_request=0xffffffcc fr.pc=0x0000017e749d75cc relative=0x00000000000048ec
Event: 61.817 Thread 0x0000017e4cac0830 Uncommon trap: reason=intrinsic_or_type_checked_inlining action=make_not_entrant pc=0x0000017e749d75cc method=java.util.ArrayList$SubList.toArray([Ljava/lang/Object;)[Ljava/lang/Object; @ 58 c2
Event: 61.817 Thread 0x0000017e4cac0830 DEOPT PACKING pc=0x0000017e749d75cc sp=0x00000053943fa750
Event: 61.817 Thread 0x0000017e4cac0830 DEOPT UNPACKING pc=0x0000017e73e369a3 sp=0x00000053943fa6a8 mode 2
Event: 62.129 Thread 0x0000017e4cac0830 Uncommon trap: trap_request=0xffffff6e fr.pc=0x0000017e74a0f7a8 relative=0x0000000000000448
Event: 62.129 Thread 0x0000017e4cac0830 Uncommon trap: reason=loop_limit_check action=maybe_recompile pc=0x0000017e74a0f7a8 method=java.util.regex.Pattern$StartS.match(Ljava/util/regex/Matcher;ILjava/lang/CharSequence;)Z @ 34 c2
Event: 62.129 Thread 0x0000017e4cac0830 DEOPT PACKING pc=0x0000017e74a0f7a8 sp=0x00000053943fa110
Event: 62.129 Thread 0x0000017e4cac0830 DEOPT UNPACKING pc=0x0000017e73e369a3 sp=0x00000053943fa0d0 mode 2

Classes loaded (20 events):
Event: 61.147 Loading class java/nio/charset/UnsupportedCharsetException
Event: 61.147 Loading class java/nio/charset/UnsupportedCharsetException done
Event: 61.156 Loading class java/util/zip/Deflater
Event: 61.157 Loading class java/util/zip/Deflater done
Event: 61.158 Loading class java/util/zip/Deflater$DeflaterZStreamRef
Event: 61.158 Loading class java/util/zip/Deflater$DeflaterZStreamRef done
Event: 61.203 Loading class java/nio/file/FileTreeWalker$1
Event: 61.203 Loading class java/nio/file/FileTreeWalker$1 done
Event: 61.463 Loading class java/lang/BooleanBeanInfo
Event: 61.463 Loading class java/lang/BooleanBeanInfo done
Event: 61.463 Loading class java/lang/BooleanBeanInfo
Event: 61.463 Loading class java/lang/BooleanBeanInfo done
Event: 61.463 Loading class java/lang/BooleanCustomizer
Event: 61.463 Loading class java/lang/BooleanCustomizer done
Event: 61.464 Loading class java/lang/BooleanCustomizer
Event: 61.464 Loading class java/lang/BooleanCustomizer done
Event: 61.464 Loading class jdk/internal/ValueBased
Event: 61.464 Loading class jdk/internal/ValueBased done
Event: 61.489 Loading class java/io/BufferedReader$1
Event: 61.489 Loading class java/io/BufferedReader$1 done

Classes unloaded (0 events):
No events

Classes redefined (0 events):
No events

Internal exceptions (20 events):
Event: 60.987 Thread 0x0000017e4cac35c0 Exception <a 'java/lang/ClassNotFoundException'{0x000000074fde51c0}: org/gradle/api/internal/provider/DefaultPropertyCustomizer> (0x000000074fde51c0) 
thrown [s\src\hotspot\share\classfile\systemDictionary.cpp, line 256]
Event: 60.988 Thread 0x0000017e4cac35c0 Exception <a 'java/lang/ClassNotFoundException'{0x000000074fa0f858}: org/gradle/api/internal/file/DefaultFilePropertyFactory$AbstractFileVarCustomizer> (0x000000074fa0f858) 
thrown [s\src\hotspot\share\classfile\systemDictionary.cpp, line 256]
Event: 60.991 Thread 0x0000017e4cac35c0 Exception <a 'java/lang/ClassNotFoundException'{0x000000074fa4af80}: org/gradle/api/internal/file/DefaultFilePropertyFactory$DefaultRegularFileVarCustomizer> (0x000000074fa4af80) 
thrown [s\src\hotspot\share\classfile\systemDictionary.cpp, line 256]
Event: 60.993 Thread 0x0000017e4cac35c0 Exception <a 'java/lang/ClassNotFoundException'{0x000000074fa9f250}: org/gradle/api/internal/provider/ValueSupplier$TaskProducerBeanInfo> (0x000000074fa9f250) 
thrown [s\src\hotspot\share\classfile\systemDictionary.cpp, line 256]
Event: 60.993 Thread 0x0000017e4cac35c0 Exception <a 'java/lang/ClassNotFoundException'{0x000000074fab0c30}: org/gradle/api/internal/provider/ValueSupplier$TaskProducerCustomizer> (0x000000074fab0c30) 
thrown [s\src\hotspot\share\classfile\systemDictionary.cpp, line 256]
Event: 61.005 Thread 0x0000017e4cac35c0 Exception <a 'java/lang/ClassNotFoundException'{0x000000074f808a28}: org/gradle/api/internal/model/DefaultObjectFactoryBeanInfo> (0x000000074f808a28) 
thrown [s\src\hotspot\share\classfile\systemDictionary.cpp, line 256]
Event: 61.006 Thread 0x0000017e4cac35c0 Exception <a 'java/lang/ClassNotFoundException'{0x000000074f81e6f0}: org/gradle/api/internal/model/DefaultObjectFactoryCustomizer> (0x000000074f81e6f0) 
thrown [s\src\hotspot\share\classfile\systemDictionary.cpp, line 256]
Event: 61.009 Thread 0x0000017e4cac35c0 Exception <a 'java/lang/ClassNotFoundException'{0x000000074f900628}: org/gradle/api/internal/file/collections/DefaultConfigurableFileCollectionBeanInfo> (0x000000074f900628) 
thrown [s\src\hotspot\share\classfile\systemDictionary.cpp, line 256]
Event: 61.010 Thread 0x0000017e4cac35c0 Exception <a 'java/lang/ClassNotFoundException'{0x000000074f914860}: org/gradle/api/internal/file/collections/DefaultConfigurableFileCollectionCustomizer> (0x000000074f914860) 
thrown [s\src\hotspot\share\classfile\systemDictionary.cpp, line 256]
Event: 61.025 Thread 0x0000017e4cac35c0 Exception <a 'java/lang/ClassNotFoundException'{0x000000074f9ed308}: org/gradle/api/internal/file/copy/CopySpecWrapper_DecoratedBeanInfo> (0x000000074f9ed308) 
thrown [s\src\hotspot\share\classfile\systemDictionary.cpp, line 256]
Event: 61.026 Thread 0x0000017e4cac35c0 Exception <a 'java/lang/ClassNotFoundException'{0x000000074f603658}: org/gradle/api/internal/file/copy/CopySpecWrapperBeanInfo> (0x000000074f603658) 
thrown [s\src\hotspot\share\classfile\systemDictionary.cpp, line 256]
Event: 61.026 Thread 0x0000017e4cac35c0 Exception <a 'java/lang/ClassNotFoundException'{0x000000074f6191b8}: org/gradle/api/internal/file/copy/CopySpecWrapperCustomizer> (0x000000074f6191b8) 
thrown [s\src\hotspot\share\classfile\systemDictionary.cpp, line 256]
Event: 61.028 Thread 0x0000017e4cac35c0 Exception <a 'java/lang/ClassNotFoundException'{0x000000074f67c360}: org/gradle/api/internal/file/copy/CopySpecWrapper_DecoratedCustomizer> (0x000000074f67c360) 
thrown [s\src\hotspot\share\classfile\systemDictionary.cpp, line 256]
Event: 61.031 Thread 0x0000017e4cac35c0 Exception <a 'java/lang/ClassNotFoundException'{0x000000074f78fcd8}: org/gradle/api/java/archives/internal/DefaultAttributesBeanInfo> (0x000000074f78fcd8) 
thrown [s\src\hotspot\share\classfile\systemDictionary.cpp, line 256]
Event: 61.032 Thread 0x0000017e4cac35c0 Exception <a 'java/lang/ClassNotFoundException'{0x000000074f7a5c50}: org/gradle/api/java/archives/internal/DefaultAttributesCustomizer> (0x000000074f7a5c50) 
thrown [s\src\hotspot\share\classfile\systemDictionary.cpp, line 256]
Event: 61.463 Thread 0x0000017e4cabd590 Exception <a 'java/lang/ClassNotFoundException'{0x000000074db0f678}: java/lang/BooleanBeanInfo> (0x000000074db0f678) 
thrown [s\src\hotspot\share\classfile\systemDictionary.cpp, line 256]
Event: 61.464 Thread 0x0000017e4cabd590 Exception <a 'java/lang/ClassNotFoundException'{0x000000074db11f48}: java/lang/BooleanCustomizer> (0x000000074db11f48) 
thrown [s\src\hotspot\share\classfile\systemDictionary.cpp, line 256]
Event: 61.870 Thread 0x0000017e4cac0830 Exception <a 'java/lang/NoSuchMethodError'{0x000000074d7150b0}: 'void java.lang.invoke.DirectMethodHandle$Holder.invokeStatic(java.lang.Object, java.lang.Object, int, int, java.lang.Object)'> (0x000000074d7150b0) 
thrown [s\src\hotspot\share\interpreter\linkResolver.cpp, line 759]
Event: 62.009 Thread 0x0000017e4cac0830 Exception <a 'java/lang/NoSuchMethodError'{0x000000074f930ba0}: 'java.lang.Object java.lang.invoke.DirectMethodHandle$Holder.newInvokeSpecial(java.lang.Object, java.lang.Object, java.lang.Object, int, java.lang.Object)'> (0x000000074f930ba0) 
thrown [s\src\hotspot\share\interpreter\linkResolver.cpp, line 759]
Event: 62.009 Thread 0x0000017e4cac0830 Exception <a 'java/lang/NoSuchMethodError'{0x000000074f9352c8}: 'java.lang.Object java.lang.invoke.Invokers$Holder.linkToTargetMethod(java.lang.Object, java.lang.Object, int, java.lang.Object, java.lang.Object)'> (0x000000074f9352c8) 
thrown [s\src\hotspot\share\interpreter\linkResolver.cpp, line 759]

VM Operations (20 events):
Event: 60.851 Executing VM operation: HandshakeAllThreads done
Event: 60.853 Executing VM operation: HandshakeAllThreads
Event: 60.853 Executing VM operation: HandshakeAllThreads done
Event: 60.876 Executing VM operation: G1TryInitiateConcMark
Event: 60.884 Executing VM operation: G1TryInitiateConcMark done
Event: 61.102 Executing VM operation: HandshakeAllThreads
Event: 61.102 Executing VM operation: HandshakeAllThreads done
Event: 61.114 Executing VM operation: HandshakeAllThreads
Event: 61.114 Executing VM operation: HandshakeAllThreads done
Event: 61.185 Executing VM operation: HandshakeAllThreads
Event: 61.185 Executing VM operation: HandshakeAllThreads done
Event: 61.226 Executing VM operation: HandshakeAllThreads
Event: 61.226 Executing VM operation: HandshakeAllThreads done
Event: 61.233 Executing VM operation: ICBufferFull
Event: 61.233 Executing VM operation: ICBufferFull done
Event: 61.750 Executing VM operation: G1CollectForAllocation
Event: 61.796 Executing VM operation: G1CollectForAllocation done
Event: 61.929 Executing VM operation: G1CollectForAllocation
Event: 61.967 Executing VM operation: G1CollectForAllocation done
Event: 62.145 Executing VM operation: G1CollectForAllocation

Events (20 events):
Event: 60.463 Thread 0x0000017e4d944e60 Thread added: 0x0000017e4d944e60
Event: 60.463 Thread 0x0000017e4d948b20 Thread added: 0x0000017e4d948b20
Event: 60.464 Thread 0x0000017e4d949540 Thread added: 0x0000017e4d949540
Event: 60.464 Thread 0x0000017e4d94ae90 Thread added: 0x0000017e4d94ae90
Event: 60.464 Thread 0x0000017e4d94bdc0 Thread added: 0x0000017e4d94bdc0
Event: 60.797 Thread 0x0000017e4d944950 Thread added: 0x0000017e4d944950
Event: 60.798 Thread 0x0000017e4cac35c0 Thread added: 0x0000017e4cac35c0
Event: 60.798 Thread 0x0000017e4cac3ad0 Thread added: 0x0000017e4cac3ad0
Event: 60.798 Thread 0x0000017e4cabd590 Thread added: 0x0000017e4cabd590
Event: 60.798 Thread 0x0000017e4cac0830 Thread added: 0x0000017e4cac0830
Event: 60.798 Thread 0x0000017e4cabdfb0 Thread added: 0x0000017e4cabdfb0
Event: 60.799 Thread 0x0000017e4cac1250 Thread added: 0x0000017e4cac1250
Event: 60.920 Thread 0x0000017e4cabc660 Thread added: 0x0000017e4cabc660
Event: 60.920 Thread 0x0000017e4cac3fe0 Thread added: 0x0000017e4cac3fe0
Event: 60.920 Thread 0x0000017e4cabd080 Thread added: 0x0000017e4cabd080
Event: 60.920 Thread 0x0000017e4cabfe10 Thread added: 0x0000017e4cabfe10
Event: 60.920 Thread 0x0000017e4cac1760 Thread added: 0x0000017e4cac1760
Event: 60.942 Thread 0x0000017e4cac2180 Thread added: 0x0000017e4cac2180
Event: 61.228 Thread 0x0000017e0551d230 flushing nmethod 0x0000017e6c980490
Event: 61.232 Thread 0x0000017e0551d230 flushing nmethod 0x0000017e6d213390


Dynamic libraries:
0x00007ff709e40000 - 0x00007ff709e4e000 	C:\Users\Administrator.DESKTOP-MTPLHHU\.jdks\corretto-17.0.12\bin\java.exe
0x00007ffdeee30000 - 0x00007ffdef028000 	C:\Windows\SYSTEM32\ntdll.dll
0x00007ffdeeb00000 - 0x00007ffdeebc2000 	C:\Windows\System32\KERNEL32.DLL
0x00007ffdecaf0000 - 0x00007ffdecdef000 	C:\Windows\System32\KERNELBASE.dll
0x00007ffdec9f0000 - 0x00007ffdecaf0000 	C:\Windows\System32\ucrtbase.dll
0x00007ffd94e20000 - 0x00007ffd94e37000 	C:\Users\Administrator.DESKTOP-MTPLHHU\.jdks\corretto-17.0.12\bin\jli.dll
0x00007ffd94e00000 - 0x00007ffd94e1b000 	C:\Users\Administrator.DESKTOP-MTPLHHU\.jdks\corretto-17.0.12\bin\VCRUNTIME140.dll
0x00007ffdee2d0000 - 0x00007ffdee46d000 	C:\Windows\System32\USER32.dll
0x00007ffdec4c0000 - 0x00007ffdec4e2000 	C:\Windows\System32\win32u.dll
0x00007ffde1530000 - 0x00007ffde17ca000 	C:\Windows\WinSxS\amd64_microsoft.windows.common-controls_6595b64144ccf1df_6.0.19041.4355_none_60b8b9eb71f62e16\COMCTL32.dll
0x00007ffdedad0000 - 0x00007ffdedafb000 	C:\Windows\System32\GDI32.dll
0x00007ffdec4f0000 - 0x00007ffdec607000 	C:\Windows\System32\gdi32full.dll
0x00007ffdeed50000 - 0x00007ffdeedee000 	C:\Windows\System32\msvcrt.dll
0x00007ffdec640000 - 0x00007ffdec6dd000 	C:\Windows\System32\msvcp_win.dll
0x00007ffded3e0000 - 0x00007ffded40f000 	C:\Windows\System32\IMM32.DLL
0x00007ffd95520000 - 0x00007ffd9552c000 	C:\Users\Administrator.DESKTOP-MTPLHHU\.jdks\corretto-17.0.12\bin\vcruntime140_1.dll
0x00007ffd90220000 - 0x00007ffd902ad000 	C:\Users\Administrator.DESKTOP-MTPLHHU\.jdks\corretto-17.0.12\bin\msvcp140.dll
0x00007ffc80df0000 - 0x00007ffc81a5a000 	C:\Users\Administrator.DESKTOP-MTPLHHU\.jdks\corretto-17.0.12\bin\server\jvm.dll
0x00007ffdeec90000 - 0x00007ffdeed41000 	C:\Windows\System32\ADVAPI32.dll
0x00007ffded120000 - 0x00007ffded1bf000 	C:\Windows\System32\sechost.dll
0x00007ffdece40000 - 0x00007ffdecf63000 	C:\Windows\System32\RPCRT4.dll
0x00007ffdec610000 - 0x00007ffdec637000 	C:\Windows\System32\bcrypt.dll
0x00007ffded410000 - 0x00007ffded47b000 	C:\Windows\System32\WS2_32.dll
0x00007ffdeb9e0000 - 0x00007ffdeba2b000 	C:\Windows\SYSTEM32\POWRPROF.dll
0x00007ffde61d0000 - 0x00007ffde61da000 	C:\Windows\SYSTEM32\VERSION.dll
0x00007ffde03a0000 - 0x00007ffde03c7000 	C:\Windows\SYSTEM32\WINMM.dll
0x00007ffdeb850000 - 0x00007ffdeb862000 	C:\Windows\SYSTEM32\UMPDC.dll
0x00007ffdeacc0000 - 0x00007ffdeacd2000 	C:\Windows\SYSTEM32\kernel.appcore.dll
0x00007ffd94df0000 - 0x00007ffd94dfa000 	C:\Users\Administrator.DESKTOP-MTPLHHU\.jdks\corretto-17.0.12\bin\jimage.dll
0x00007ffde9ed0000 - 0x00007ffdea0b4000 	C:\Windows\SYSTEM32\DBGHELP.DLL
0x00007ffdd0870000 - 0x00007ffdd08a4000 	C:\Windows\SYSTEM32\dbgcore.DLL
0x00007ffdec840000 - 0x00007ffdec8c2000 	C:\Windows\System32\bcryptPrimitives.dll
0x00007ffd94de0000 - 0x00007ffd94dee000 	C:\Users\Administrator.DESKTOP-MTPLHHU\.jdks\corretto-17.0.12\bin\instrument.dll
0x00007ffd901f0000 - 0x00007ffd90215000 	C:\Users\Administrator.DESKTOP-MTPLHHU\.jdks\corretto-17.0.12\bin\java.dll
0x00007ffd8d100000 - 0x00007ffd8d1d7000 	C:\Users\Administrator.DESKTOP-MTPLHHU\.jdks\corretto-17.0.12\bin\jsvml.dll
0x00007ffdedb60000 - 0x00007ffdee2ce000 	C:\Windows\System32\SHELL32.dll
0x00007ffdea4d0000 - 0x00007ffdeac74000 	C:\Windows\SYSTEM32\windows.storage.dll
0x00007ffdee5f0000 - 0x00007ffdee945000 	C:\Windows\System32\combase.dll
0x00007ffdebe80000 - 0x00007ffdebeaf000 	C:\Windows\SYSTEM32\Wldp.dll
0x00007ffdeea30000 - 0x00007ffdeeafd000 	C:\Windows\System32\OLEAUT32.dll
0x00007ffdeebe0000 - 0x00007ffdeec8d000 	C:\Windows\System32\SHCORE.dll
0x00007ffdedb00000 - 0x00007ffdedb55000 	C:\Windows\System32\shlwapi.dll
0x00007ffdec380000 - 0x00007ffdec3a4000 	C:\Windows\SYSTEM32\profapi.dll
0x00007ffd93040000 - 0x00007ffd93058000 	C:\Users\Administrator.DESKTOP-MTPLHHU\.jdks\corretto-17.0.12\bin\zip.dll
0x00007ffd901d0000 - 0x00007ffd901e9000 	C:\Users\Administrator.DESKTOP-MTPLHHU\.jdks\corretto-17.0.12\bin\net.dll
0x00007ffde6530000 - 0x00007ffde663d000 	C:\Windows\SYSTEM32\WINHTTP.dll
0x00007ffdebbe0000 - 0x00007ffdebc4a000 	C:\Windows\system32\mswsock.dll
0x00007ffd901b0000 - 0x00007ffd901c6000 	C:\Users\Administrator.DESKTOP-MTPLHHU\.jdks\corretto-17.0.12\bin\nio.dll
0x00007ffd94dd0000 - 0x00007ffd94de0000 	C:\Users\Administrator.DESKTOP-MTPLHHU\.jdks\corretto-17.0.12\bin\verify.dll
0x00007ffd95390000 - 0x00007ffd953b7000 	F:\new\.gradle\native\c067742578af261105cb4f569cf0c3c89f3d7b1fecec35dd04571415982c5e48\windows-amd64\native-platform.dll
0x00007ffd750c0000 - 0x00007ffd75204000 	F:\new\.gradle\native\100fb08df4bc3b14c8652ba06237920a3bd2aa13389f12d3474272988ae205f9\windows-amd64\native-platform-file-events.dll
0x00007ffd901a0000 - 0x00007ffd901a9000 	C:\Users\Administrator.DESKTOP-MTPLHHU\.jdks\corretto-17.0.12\bin\management.dll
0x00007ffd8dbf0000 - 0x00007ffd8dbfb000 	C:\Users\Administrator.DESKTOP-MTPLHHU\.jdks\corretto-17.0.12\bin\management_ext.dll
0x00007ffdeebd0000 - 0x00007ffdeebd8000 	C:\Windows\System32\PSAPI.DLL
0x00007ffdebde0000 - 0x00007ffdebdf8000 	C:\Windows\SYSTEM32\CRYPTSP.dll
0x00007ffdeb490000 - 0x00007ffdeb4c4000 	C:\Windows\system32\rsaenh.dll
0x00007ffdec340000 - 0x00007ffdec36e000 	C:\Windows\SYSTEM32\USERENV.dll
0x00007ffdebdd0000 - 0x00007ffdebddc000 	C:\Windows\SYSTEM32\CRYPTBASE.dll
0x00007ffdeb870000 - 0x00007ffdeb8ab000 	C:\Windows\SYSTEM32\IPHLPAPI.DLL
0x00007ffded630000 - 0x00007ffded638000 	C:\Windows\System32\NSI.dll
0x00007ffde7a90000 - 0x00007ffde7aa7000 	C:\Windows\SYSTEM32\dhcpcsvc6.DLL
0x00007ffde7fd0000 - 0x00007ffde7fed000 	C:\Windows\SYSTEM32\dhcpcsvc.DLL
0x00007ffdeb8b0000 - 0x00007ffdeb97a000 	C:\Windows\SYSTEM32\DNSAPI.dll
0x00007ffd8dbe0000 - 0x00007ffd8dbe9000 	C:\Users\Administrator.DESKTOP-MTPLHHU\.jdks\corretto-17.0.12\bin\extnet.dll
0x00007ffd8dbd0000 - 0x00007ffd8dbde000 	C:\Users\Administrator.DESKTOP-MTPLHHU\.jdks\corretto-17.0.12\bin\sunmscapi.dll
0x00007ffdec6e0000 - 0x00007ffdec83c000 	C:\Windows\System32\CRYPT32.dll
0x00007ffdebef0000 - 0x00007ffdebf17000 	C:\Windows\SYSTEM32\ncrypt.dll
0x00007ffdebeb0000 - 0x00007ffdebeeb000 	C:\Windows\SYSTEM32\NTASN1.dll
0x00007ffd98210000 - 0x00007ffd98217000 	C:\Windows\system32\wshunix.dll
0x00007ffde3840000 - 0x00007ffde384a000 	C:\Windows\System32\rasadhlp.dll
0x00007ffde3710000 - 0x00007ffde3790000 	C:\Windows\System32\fwpuclnt.dll

dbghelp: loaded successfully - version: 4.0.5 - missing functions: none
symbol engine: initialized successfully - sym options: 0x614 - pdb path: .;C:\Users\Administrator.DESKTOP-MTPLHHU\.jdks\corretto-17.0.12\bin;C:\Windows\SYSTEM32;C:\Windows\WinSxS\amd64_microsoft.windows.common-controls_6595b64144ccf1df_6.0.19041.4355_none_60b8b9eb71f62e16;C:\Users\Administrator.DESKTOP-MTPLHHU\.jdks\corretto-17.0.12\bin\server;F:\new\.gradle\native\c067742578af261105cb4f569cf0c3c89f3d7b1fecec35dd04571415982c5e48\windows-amd64;F:\new\.gradle\native\100fb08df4bc3b14c8652ba06237920a3bd2aa13389f12d3474272988ae205f9\windows-amd64

VM Arguments:
jvm_args: --add-opens=java.base/java.util=ALL-UNNAMED --add-opens=java.base/java.lang=ALL-UNNAMED --add-opens=java.base/java.lang.invoke=ALL-UNNAMED --add-opens=java.prefs/java.util.prefs=ALL-UNNAMED --add-opens=java.base/java.nio.charset=ALL-UNNAMED --add-opens=java.base/java.net=ALL-UNNAMED --add-opens=java.base/java.util.concurrent.atomic=ALL-UNNAMED -Xmx3G -Dfile.encoding=GBK -Duser.country=CN -Duser.language=zh -Duser.variant -javaagent:F:\new\.gradle\wrapper\dists\gradle-8.8-bin\53jiktvri5dnuz836efddwisb\gradle-8.8\lib\agents\gradle-instrumentation-agent-8.8.jar 
java_command: org.gradle.launcher.daemon.bootstrap.GradleDaemon 8.8
java_class_path (initial): F:\new\.gradle\wrapper\dists\gradle-8.8-bin\53jiktvri5dnuz836efddwisb\gradle-8.8\lib\gradle-launcher-8.8.jar
Launcher Type: SUN_STANDARD

[Global flags]
     intx CICompilerCount                          = 3                                         {product} {ergonomic}
     uint ConcGCThreads                            = 2                                         {product} {ergonomic}
     uint G1ConcRefinementThreads                  = 6                                         {product} {ergonomic}
   size_t G1HeapRegionSize                         = 2097152                                   {product} {ergonomic}
    uintx GCDrainStackTargetSize                   = 64                                        {product} {ergonomic}
   size_t InitialHeapSize                          = 268435456                                 {product} {ergonomic}
   size_t MarkStackSize                            = 4194304                                   {product} {ergonomic}
   size_t MaxHeapSize                              = 3221225472                                {product} {command line}
   size_t MaxNewSize                               = 1931476992                                {product} {ergonomic}
   size_t MinHeapDeltaBytes                        = 2097152                                   {product} {ergonomic}
   size_t MinHeapSize                              = 8388608                                   {product} {ergonomic}
    uintx NonNMethodCodeHeapSize                   = 5832780                                {pd product} {ergonomic}
    uintx NonProfiledCodeHeapSize                  = 122912730                              {pd product} {ergonomic}
    uintx ProfiledCodeHeapSize                     = 122912730                              {pd product} {ergonomic}
    uintx ReservedCodeCacheSize                    = 251658240                              {pd product} {ergonomic}
     bool SegmentedCodeCache                       = true                                      {product} {ergonomic}
   size_t SoftMaxHeapSize                          = 3221225472                             {manageable} {ergonomic}
     bool UseCompressedClassPointers               = true                           {product lp64_product} {ergonomic}
     bool UseCompressedOops                        = true                           {product lp64_product} {ergonomic}
     bool UseG1GC                                  = true                                      {product} {ergonomic}
     bool UseLargePagesIndividualAllocation        = false                                  {pd product} {ergonomic}

Logging:
Log output configuration:
 #0: stdout all=warning uptime,level,tags
 #1: stderr all=off uptime,level,tags

Environment Variables:
PATH=C:\Program Files (x86)\Common Files\Intel\Shared Libraries\redist\intel64\compiler;C:\Program Files\Common Files\Oracle\Java\javapath;C:\Windows\system32;C:\Windows;C:\Windows\System32\Wbem;C:\Windows\System32\WindowsPowerShell\v1.0\;C:\Windows\System32\OpenSSH\;H:\ffmpeg-7.0.1-essentials_build\ffmpeg-7.0.1-essentials_build\bin;C:\Program Files\dotnet\;F:\Git\cmd;C:\Program Files (x86)\NVIDIA Corporation\PhysX\Common;C:\Users\Administrator.DESKTOP-MTPLHHU\AppData\Local\Microsoft\WindowsApps;
USERNAME=Administrator
OS=Windows_NT
PROCESSOR_IDENTIFIER=AMD64 Family 23 Model 113 Stepping 0, AuthenticAMD
TMP=C:\Users\ADMINI~1.DES\AppData\Local\Temp
TEMP=C:\Users\ADMINI~1.DES\AppData\Local\Temp



Periodic native trim disabled


---------------  S Y S T E M  ---------------

OS:
 Windows 10 , 64 bit Build 19041 (10.0.19041.5198)
OS uptime: 0 days 7:37 hours

CPU: total 6 (initial active 6) (6 cores per cpu, 1 threads per core) family 23 model 113 stepping 0 microcode 0x0, cx8, cmov, fxsr, mmx, 3dnowpref, sse, sse2, sse3, ssse3, sse4a, sse4.1, sse4.2, popcnt, lzcnt, tsc, tscinvbit, avx, avx2, aes, clmul, bmi1, bmi2, adx, sha, fma, vzeroupper, clflush, clflushopt
Processor Information for all 6 processors :
  Max Mhz: 3600, Current Mhz: 3600, Mhz Limit: 3600

Memory: 4k page, system-wide physical 16333M (1066M free)
TotalPageFile size 29133M (AvailPageFile size 279M)
current process WorkingSet (physical memory assigned to process): 585M, peak: 590M
current process commit charge ("private bytes"): 625M, peak: 943M

vm_info: OpenJDK 64-Bit Server VM (17.0.12+7-LTS) for windows-amd64 JRE (17.0.12+7-LTS), built on Jul 10 2024 20:46:33 by "Administrator" with MS VC++ 16.10 / 16.11 (VS2019)

END.
